Looking for git in: git
Using git 2.28.0 from git
> git rev-parse --git-dir
Open repository: /home/anjan/git_projects/dev-book
> git status -z -u
> git symbolic-ref --short HEAD
> git rev-parse setup
> git rev-parse --symbolic-full-name setup@{u}
fatal: no upstream configured for branch 'setup'
> git for-each-ref --sort -committerdate --format %(refname) %(objectname)
> git remote --verbose
> git config --get commit.template
> git check-ignore -v -z --stdin
> git show --textconv :index.ts
> git ls-files --stage -- /home/anjan/git_projects/dev-book/index.ts
> git show --textconv :index.js
> git ls-files --stage -- /home/anjan/git_projects/dev-book/index.js
> git show --textconv :index.ts
> git ls-files --stage -- /home/anjan/git_projects/dev-book/index.ts
> git log --format=%H%n%aN%n%aE%n%at%n%ct%n%P%n%B -z -n21 -- /home/anjan/git_projects/dev-book/index.ts
> git status -z -u
> git symbolic-ref --short HEAD
> git rev-parse setup
> git rev-parse --symbolic-full-name setup@{u}
fatal: no upstream configured for branch 'setup'
> git for-each-ref --sort -committerdate --format %(refname) %(objectname)
> git remote --verbose
> git config --get commit.template
> git show --textconv :index.ts
> git ls-files --stage -- /home/anjan/git_projects/dev-book/index.ts
