[35355][1603189355370][main][info]["Booting Postman 7.34.0, linux-5.9.1-arch1-1 on x64"]
[35355][1603189355379][main][info]["EventBus~initialize - Success"]
[35355][1603189355387][main][warn]["CloudProxyManager~init: Error while reading proxy configuration from user data - ",{"errno":-2,"code":"ENOENT","syscall":"open","path":"/home/anjan/.config/Postman/Postman_Config/proxy","name":"Error","message":"ENOENT: no such file or directory, open '/home/anjan/.config/Postman/Postman_Config/proxy'","stack":"Error: ENOENT: no such file or directory, open '/home/anjan/.config/Postman/Postman_Config/proxy'"}]
[35355][1603189355389][main][info]["CloudProxyManager~init - Success"]
[35355][1603189355401][main][info]["UpdateHandler~init - Success"]
[35355][1603189357545][main][info]["RuntimeIPCAgent~started: Success"]
[35355][1603189358863][main][info]["LinuxAutoUpdater~Cleanup - Initial cleanup successful"]
[35355][1603189358887][main][warn]["main~populateInstallationId: Failed to get installationId from appSettings but with no error"]
[35355][1603189359614][main][info]["Bootstrap-models~bootstrap - Success"]
[35355][1603189361676][main][info]["window-manager~newSharedWindow: Shell loaded"]
[35355][1603189380330][main][info]["Main~AppEvents - Received booted event for process shared"]
[35355][1603189403720][main][info]["UpdateHandler~app-update-events - Received event",{"name":"checkForElectronVersionUpdated","namespace":"appUpdate"}]
[35355][1603189404025][main][info]["Main~AppEvents - Received booted event for process requester"]
[763][1603203700533][main][info]["Booting Postman 7.34.0, linux-5.9.1-arch1-1 on x64"]
[763][1603203700541][main][info]["EventBus~initialize - Success"]
[763][1603203700561][main][warn]["CloudProxyManager~init: Error while reading proxy configuration from user data - ",{"errno":-2,"code":"ENOENT","syscall":"open","path":"/home/anjan/.config/Postman/Postman_Config/proxy","name":"Error","message":"ENOENT: no such file or directory, open '/home/anjan/.config/Postman/Postman_Config/proxy'","stack":"Error: ENOENT: no such file or directory, open '/home/anjan/.config/Postman/Postman_Config/proxy'"}]
[763][1603203700564][main][info]["CloudProxyManager~init - Success"]
[763][1603203700578][main][info]["UpdateHandler~init - Success"]
[763][1603203702673][main][info]["RuntimeIPCAgent~started: Success"]
[763][1603203703865][main][info]["LinuxAutoUpdater~Cleanup - Initial cleanup successful"]
[763][1603203704351][main][info]["Bootstrap-models~bootstrap - Success"]
[763][1603203706336][main][info]["window-manager~newSharedWindow: Shell loaded"]
[763][1603203714753][main][info]["Main~AppEvents - Received booted event for process shared"]
[763][1603203721960][main][info]["UpdateHandler~app-update-events - Received event",{"name":"checkForElectronVersionUpdated","namespace":"appUpdate"}]
[763][1603203721984][main][info]["Main~AppEvents - Received booted event for process requester"]
[809][1603213681189][main][info]["Booting Postman 7.34.0, linux-5.9.1-arch1-1 on x64"]
[809][1603213681196][main][info]["EventBus~initialize - Success"]
[809][1603213681217][main][warn]["CloudProxyManager~init: Error while reading proxy configuration from user data - ",{"errno":-2,"code":"ENOENT","syscall":"open","path":"/home/anjan/.config/Postman/Postman_Config/proxy","name":"Error","message":"ENOENT: no such file or directory, open '/home/anjan/.config/Postman/Postman_Config/proxy'","stack":"Error: ENOENT: no such file or directory, open '/home/anjan/.config/Postman/Postman_Config/proxy'"}]
[809][1603213681220][main][info]["CloudProxyManager~init - Success"]
[809][1603213681237][main][info]["UpdateHandler~init - Success"]
[809][1603213683553][main][info]["RuntimeIPCAgent~started: Success"]
[809][1603213684886][main][info]["LinuxAutoUpdater~Cleanup - Initial cleanup successful"]
[809][1603213685476][main][info]["Bootstrap-models~bootstrap - Success"]
[809][1603213687792][main][info]["window-manager~newSharedWindow: Shell loaded"]
[809][1603213698896][main][info]["Main~AppEvents - Received booted event for process shared"]
[809][1603213705621][main][info]["UpdateHandler~app-update-events - Received event",{"name":"checkForElectronVersionUpdated","namespace":"appUpdate"}]
[809][1603213705683][main][info]["Main~AppEvents - Received booted event for process requester"]
[809][1603217056666][main][info]["WindowManager~closeHandler - Closed Window (id: 3 )"]
[809][1603217057830][main][info]["Quitting app"]
[3282][1603256392395][main][info]["Booting Postman 7.34.0, linux-5.9.1-arch1-1 on x64"]
[3282][1603256392402][main][info]["EventBus~initialize - Success"]
[3282][1603256392416][main][warn]["CloudProxyManager~init: Error while reading proxy configuration from user data - ",{"errno":-2,"code":"ENOENT","syscall":"open","path":"/home/anjan/.config/Postman/Postman_Config/proxy","name":"Error","message":"ENOENT: no such file or directory, open '/home/anjan/.config/Postman/Postman_Config/proxy'","stack":"Error: ENOENT: no such file or directory, open '/home/anjan/.config/Postman/Postman_Config/proxy'"}]
[3282][1603256392418][main][info]["CloudProxyManager~init - Success"]
[3282][1603256392430][main][info]["UpdateHandler~init - Success"]
[3282][1603256394659][main][info]["RuntimeIPCAgent~started: Success"]
[3282][1603256396120][main][info]["LinuxAutoUpdater~Cleanup - Initial cleanup successful"]
[3282][1603256396559][main][info]["Bootstrap-models~bootstrap - Success"]
[3282][1603256398659][main][info]["window-manager~newSharedWindow: Shell loaded"]
[3282][1603256413430][main][info]["Main~AppEvents - Received booted event for process shared"]
[3282][1603256432396][main][info]["UpdateHandler~app-update-events - Received event",{"name":"checkForElectronVersionUpdated","namespace":"appUpdate"}]
[3282][1603256432436][main][info]["Main~AppEvents - Received booted event for process requester"]
[3282][1603262593449][main][info]["Quitting app"]
[2534][1603273350740][main][info]["Booting Postman 7.34.0, linux-5.9.1-arch1-1 on x64"]
[2534][1603273350755][main][info]["EventBus~initialize - Success"]
[2534][1603273350784][main][warn]["CloudProxyManager~init: Error while reading proxy configuration from user data - ",{"errno":-2,"code":"ENOENT","syscall":"open","path":"/home/anjan/.config/Postman/Postman_Config/proxy","name":"Error","message":"ENOENT: no such file or directory, open '/home/anjan/.config/Postman/Postman_Config/proxy'","stack":"Error: ENOENT: no such file or directory, open '/home/anjan/.config/Postman/Postman_Config/proxy'"}]
[2534][1603273350787][main][info]["CloudProxyManager~init - Success"]
[2534][1603273350824][main][info]["UpdateHandler~init - Success"]
[2534][1603273353188][main][info]["RuntimeIPCAgent~started: Success"]
[2534][1603273354657][main][info]["LinuxAutoUpdater~Cleanup - Initial cleanup successful"]
[2534][1603273355166][main][info]["Bootstrap-models~bootstrap - Success"]
[2534][1603273357392][main][info]["window-manager~newSharedWindow: Shell loaded"]
[2534][1603273366956][main][info]["Main~AppEvents - Received booted event for process shared"]
[2534][1603273376143][main][info]["UpdateHandler~app-update-events - Received event",{"name":"checkForElectronVersionUpdated","namespace":"appUpdate"}]
[2534][1603273376176][main][info]["Main~AppEvents - Received booted event for process requester"]
[2534][1603277495471][main][info]["Quitting app"]
[812][1603280483096][main][info]["Booting Postman 7.34.0, linux-5.9.1-arch1-1 on x64"]
[812][1603280483112][main][info]["EventBus~initialize - Success"]
[812][1603280483133][main][warn]["CloudProxyManager~init: Error while reading proxy configuration from user data - ",{"errno":-2,"code":"ENOENT","syscall":"open","path":"/home/anjan/.config/Postman/Postman_Config/proxy","name":"Error","message":"ENOENT: no such file or directory, open '/home/anjan/.config/Postman/Postman_Config/proxy'","stack":"Error: ENOENT: no such file or directory, open '/home/anjan/.config/Postman/Postman_Config/proxy'"}]
[812][1603280483135][main][info]["CloudProxyManager~init - Success"]
[812][1603280483170][main][info]["UpdateHandler~init - Success"]
[812][1603280485494][main][info]["RuntimeIPCAgent~started: Success"]
[812][1603280486839][main][info]["LinuxAutoUpdater~Cleanup - Initial cleanup successful"]
[812][1603280487357][main][info]["Bootstrap-models~bootstrap - Success"]
[812][1603280489460][main][info]["window-manager~newSharedWindow: Shell loaded"]
[812][1603280500986][main][info]["Main~AppEvents - Received booted event for process shared"]
[812][1603280519194][main][info]["UpdateHandler~app-update-events - Received event",{"name":"checkForElectronVersionUpdated","namespace":"appUpdate"}]
[812][1603280519320][main][info]["Main~AppEvents - Received booted event for process requester"]
[812][1603286742919][main][info]["WindowManager~closeHandler - Closed Window (id: 3 )"]
[812][1603286743541][main][info]["Quitting app"]
[3600][1603291066875][main][info]["Booting Postman 7.34.0, linux-5.9.1-arch1-1 on x64"]
[3600][1603291066883][main][info]["EventBus~initialize - Success"]
[3600][1603291066895][main][warn]["CloudProxyManager~init: Error while reading proxy configuration from user data - ",{"errno":-2,"code":"ENOENT","syscall":"open","path":"/home/anjan/.config/Postman/Postman_Config/proxy","name":"Error","message":"ENOENT: no such file or directory, open '/home/anjan/.config/Postman/Postman_Config/proxy'","stack":"Error: ENOENT: no such file or directory, open '/home/anjan/.config/Postman/Postman_Config/proxy'"}]
[3600][1603291066898][main][info]["CloudProxyManager~init - Success"]
[3600][1603291066910][main][info]["UpdateHandler~init - Success"]
[3600][1603291068931][main][info]["RuntimeIPCAgent~started: Success"]
[3600][1603291070219][main][info]["LinuxAutoUpdater~Cleanup - Initial cleanup successful"]
[3600][1603291070655][main][info]["Bootstrap-models~bootstrap - Success"]
[3600][1603291072726][main][info]["window-manager~newSharedWindow: Shell loaded"]
[3600][1603291082799][main][info]["Main~AppEvents - Received booted event for process shared"]
[3600][1603291090127][main][info]["UpdateHandler~app-update-events - Received event",{"name":"checkForElectronVersionUpdated","namespace":"appUpdate"}]
[3600][1603291090153][main][info]["Main~AppEvents - Received booted event for process requester"]
[3600][1603292058052][main][info]["Quitting app"]
[2535][1603334487406][main][info]["Booting Postman 7.34.0, linux-5.9.1-arch1-1 on x64"]
[2535][1603334487413][main][info]["EventBus~initialize - Success"]
[2535][1603334487434][main][warn]["CloudProxyManager~init: Error while reading proxy configuration from user data - ",{"errno":-2,"code":"ENOENT","syscall":"open","path":"/home/anjan/.config/Postman/Postman_Config/proxy","name":"Error","message":"ENOENT: no such file or directory, open '/home/anjan/.config/Postman/Postman_Config/proxy'","stack":"Error: ENOENT: no such file or directory, open '/home/anjan/.config/Postman/Postman_Config/proxy'"}]
[2535][1603334487436][main][info]["CloudProxyManager~init - Success"]
[2535][1603334487448][main][info]["UpdateHandler~init - Success"]
[2535][1603334494402][main][info]["RuntimeIPCAgent~started: Success"]
[2535][1603334497504][main][info]["LinuxAutoUpdater~Cleanup - Initial cleanup successful"]
[2535][1603334498212][main][info]["Bootstrap-models~bootstrap - Success"]
[2535][1603334504887][main][info]["window-manager~newSharedWindow: Shell loaded"]
[2535][1603334533359][main][info]["Main~AppEvents - Received booted event for process shared"]
[2535][1603334566396][main][info]["UpdateHandler~app-update-events - Received event",{"name":"checkForElectronVersionUpdated","namespace":"appUpdate"}]
[2535][1603334566752][main][info]["Main~AppEvents - Received booted event for process requester"]
[2535][1603335040217][main][info]["WindowManager~closeHandler - Closed Window (id: 3 )"]
[2535][1603335040294][main][info]["Quitting app"]
[1017][1603336144274][main][info]["Booting Postman 7.34.0, linux-5.9.1-arch1-1 on x64"]
[1017][1603336144280][main][info]["EventBus~initialize - Success"]
[1017][1603336144305][main][warn]["CloudProxyManager~init: Error while reading proxy configuration from user data - ",{"errno":-2,"code":"ENOENT","syscall":"open","path":"/home/anjan/.config/Postman/Postman_Config/proxy","name":"Error","message":"ENOENT: no such file or directory, open '/home/anjan/.config/Postman/Postman_Config/proxy'","stack":"Error: ENOENT: no such file or directory, open '/home/anjan/.config/Postman/Postman_Config/proxy'"}]
[1017][1603336144307][main][info]["CloudProxyManager~init - Success"]
[1017][1603336144319][main][info]["UpdateHandler~init - Success"]
[1017][1603336146791][main][info]["RuntimeIPCAgent~started: Success"]
[1017][1603336148286][main][info]["LinuxAutoUpdater~Cleanup - Initial cleanup successful"]
[1017][1603336148728][main][info]["Bootstrap-models~bootstrap - Success"]
[1017][1603336152428][main][info]["window-manager~newSharedWindow: Shell loaded"]
[1017][1603336163824][main][info]["Main~AppEvents - Received booted event for process shared"]
[1017][1603336171212][main][info]["UpdateHandler~app-update-events - Received event",{"name":"checkForElectronVersionUpdated","namespace":"appUpdate"}]
[1017][1603336171239][main][info]["Main~AppEvents - Received booted event for process requester"]
[5340][1603344585080][main][info]["Booting Postman 7.34.0, linux-5.9.1-arch1-1 on x64"]
[5340][1603344585123][main][info]["EventBus~initialize - Success"]
[5340][1603344585143][main][warn]["CloudProxyManager~init: Error while reading proxy configuration from user data - ",{"errno":-2,"code":"ENOENT","syscall":"open","path":"/home/anjan/.config/Postman/Postman_Config/proxy","name":"Error","message":"ENOENT: no such file or directory, open '/home/anjan/.config/Postman/Postman_Config/proxy'","stack":"Error: ENOENT: no such file or directory, open '/home/anjan/.config/Postman/Postman_Config/proxy'"}]
[5340][1603344585154][main][info]["CloudProxyManager~init - Success"]
[5340][1603344585214][main][info]["UpdateHandler~init - Success"]
[5340][1603344589371][main][info]["RuntimeIPCAgent~started: Success"]
[5340][1603344592339][main][info]["LinuxAutoUpdater~Cleanup - Initial cleanup successful"]
[5340][1603344593071][main][info]["Bootstrap-models~bootstrap - Success"]
[5340][1603344598467][main][info]["window-manager~newSharedWindow: Shell loaded"]
[5340][1603344628854][main][info]["Main~AppEvents - Received booted event for process shared"]
[5340][1603344668368][main][info]["UpdateHandler~app-update-events - Received event",{"name":"checkForElectronVersionUpdated","namespace":"appUpdate"}]
[5340][1603344668772][main][info]["Main~AppEvents - Received booted event for process requester"]
[5340][1603347123309][main][info]["WindowManager~closeHandler - Closed Window (id: 3 )"]
[5340][1603347123497][main][info]["Quitting app"]
[832][1603351594439][main][info]["Booting Postman 7.34.0, linux-5.9.1-arch1-1 on x64"]
[832][1603351594447][main][info]["EventBus~initialize - Success"]
[832][1603351594469][main][warn]["CloudProxyManager~init: Error while reading proxy configuration from user data - ",{"errno":-2,"code":"ENOENT","syscall":"open","path":"/home/anjan/.config/Postman/Postman_Config/proxy","name":"Error","message":"ENOENT: no such file or directory, open '/home/anjan/.config/Postman/Postman_Config/proxy'","stack":"Error: ENOENT: no such file or directory, open '/home/anjan/.config/Postman/Postman_Config/proxy'"}]
[832][1603351594472][main][info]["CloudProxyManager~init - Success"]
[832][1603351594484][main][info]["UpdateHandler~init - Success"]
[832][1603351596781][main][info]["RuntimeIPCAgent~started: Success"]
[832][1603351598749][main][info]["LinuxAutoUpdater~Cleanup - Initial cleanup successful"]
[832][1603351599374][main][info]["Bootstrap-models~bootstrap - Success"]
[832][1603351604362][main][info]["window-manager~newSharedWindow: Shell loaded"]
[832][1603351620586][main][info]["Main~AppEvents - Received booted event for process shared"]
[832][1603351638109][main][info]["UpdateHandler~app-update-events - Received event",{"name":"checkForElectronVersionUpdated","namespace":"appUpdate"}]
[832][1603351638312][main][info]["Main~AppEvents - Received booted event for process requester"]
[561][1603358434966][main][info]["Booting Postman 7.34.0, linux-5.9.1-arch1-1 on x64"]
[561][1603358434975][main][info]["EventBus~initialize - Success"]
[561][1603358435007][main][warn]["CloudProxyManager~init: Error while reading proxy configuration from user data - ",{"errno":-2,"code":"ENOENT","syscall":"open","path":"/home/anjan/.config/Postman/Postman_Config/proxy","name":"Error","message":"ENOENT: no such file or directory, open '/home/anjan/.config/Postman/Postman_Config/proxy'","stack":"Error: ENOENT: no such file or directory, open '/home/anjan/.config/Postman/Postman_Config/proxy'"}]
[561][1603358435009][main][info]["CloudProxyManager~init - Success"]
[561][1603358435022][main][info]["UpdateHandler~init - Success"]
[561][1603358438184][main][info]["RuntimeIPCAgent~started: Success"]
[561][1603358439704][main][info]["LinuxAutoUpdater~Cleanup - Initial cleanup successful"]
[561][1603358440237][main][info]["Bootstrap-models~bootstrap - Success"]
[561][1603358442858][main][info]["window-manager~newSharedWindow: Shell loaded"]
[561][1603358451709][main][info]["Main~AppEvents - Received booted event for process shared"]
[561][1603358459696][main][info]["UpdateHandler~app-update-events - Received event",{"name":"checkForElectronVersionUpdated","namespace":"appUpdate"}]
[561][1603358459723][main][info]["Main~AppEvents - Received booted event for process requester"]
[561][1603367173344][main][info]["WindowManager~closeHandler - Closed Window (id: 3 )"]
[561][1603367178959][main][info]["Quitting app"]
[4561][1603388004814][main][info]["Booting Postman 7.34.0, linux-5.9.1-arch1-1 on x64"]
[4561][1603388004831][main][info]["EventBus~initialize - Success"]
[4561][1603388004842][main][warn]["CloudProxyManager~init: Error while reading proxy configuration from user data - ",{"errno":-2,"code":"ENOENT","syscall":"open","path":"/home/anjan/.config/Postman/Postman_Config/proxy","name":"Error","message":"ENOENT: no such file or directory, open '/home/anjan/.config/Postman/Postman_Config/proxy'","stack":"Error: ENOENT: no such file or directory, open '/home/anjan/.config/Postman/Postman_Config/proxy'"}]
[4561][1603388004847][main][info]["CloudProxyManager~init - Success"]
[4561][1603388004883][main][info]["UpdateHandler~init - Success"]
[4561][1603388007240][main][info]["RuntimeIPCAgent~started: Success"]
[4561][1603388008744][main][info]["LinuxAutoUpdater~Cleanup - Initial cleanup successful"]
[4561][1603388009356][main][info]["Bootstrap-models~bootstrap - Success"]
[4561][1603388011915][main][info]["window-manager~newSharedWindow: Shell loaded"]
[4561][1603388025607][main][info]["Main~AppEvents - Received booted event for process shared"]
[4561][1603388036141][main][info]["UpdateHandler~app-update-events - Received event",{"name":"checkForElectronVersionUpdated","namespace":"appUpdate"}]
[4561][1603388036345][main][info]["Main~AppEvents - Received booted event for process requester"]
[4561][1603390424387][main][info]["WindowManager~closeHandler - Closed Window (id: 3 )"]
[4561][1603390424536][main][info]["Quitting app"]
[843][1603475403475][main][info]["Booting Postman 7.34.0, linux-5.9.1-arch1-1 on x64"]
[843][1603475403484][main][info]["EventBus~initialize - Success"]
[843][1603475403503][main][warn]["CloudProxyManager~init: Error while reading proxy configuration from user data - ",{"errno":-2,"code":"ENOENT","syscall":"open","path":"/home/anjan/.config/Postman/Postman_Config/proxy","name":"Error","message":"ENOENT: no such file or directory, open '/home/anjan/.config/Postman/Postman_Config/proxy'","stack":"Error: ENOENT: no such file or directory, open '/home/anjan/.config/Postman/Postman_Config/proxy'"}]
[843][1603475403506][main][info]["CloudProxyManager~init - Success"]
[843][1603475403518][main][info]["UpdateHandler~init - Success"]
[843][1603475405614][main][info]["RuntimeIPCAgent~started: Success"]
[843][1603475407063][main][info]["LinuxAutoUpdater~Cleanup - Initial cleanup successful"]
[843][1603475407680][main][info]["Bootstrap-models~bootstrap - Success"]
[843][1603475408039][main][warn]["WindowManager~newRequesterWindow - Bailing requester window creation as shared is not booted!"]
[843][1603475408040][main][error]["main~makeSingleInstance: windowManager~focusRequesterWindow: Unable to restore the last closed requester window"]
[843][1603475408052][main][warn]["WindowManager~newRequesterWindow - Bailing requester window creation as shared is not booted!"]
[843][1603475408052][main][error]["main~makeSingleInstance: New Requester window instance not found"]
[843][1603475409878][main][info]["window-manager~newSharedWindow: Shell loaded"]
[843][1603475418653][main][info]["Main~AppEvents - Received booted event for process shared"]
[843][1603475425926][main][info]["UpdateHandler~app-update-events - Received event",{"name":"checkForElectronVersionUpdated","namespace":"appUpdate"}]
[843][1603475425953][main][info]["Main~AppEvents - Received booted event for process requester"]
[843][1603478471939][main][info]["WindowManager~closeHandler - Closed Window (id: 3 )"]
[843][1603478472157][main][info]["Quitting app"]
[4381][1603519185831][main][info]["Booting Postman 7.34.0, linux-5.9.1-arch1-1 on x64"]
[4381][1603519185842][main][info]["EventBus~initialize - Success"]
[4381][1603519185862][main][warn]["CloudProxyManager~init: Error while reading proxy configuration from user data - ",{"errno":-2,"code":"ENOENT","syscall":"open","path":"/home/anjan/.config/Postman/Postman_Config/proxy","name":"Error","message":"ENOENT: no such file or directory, open '/home/anjan/.config/Postman/Postman_Config/proxy'","stack":"Error: ENOENT: no such file or directory, open '/home/anjan/.config/Postman/Postman_Config/proxy'"}]
[4381][1603519185864][main][info]["CloudProxyManager~init - Success"]
[4381][1603519185892][main][info]["UpdateHandler~init - Success"]
[4381][1603519188037][main][info]["RuntimeIPCAgent~started: Success"]
[4381][1603519189335][main][info]["LinuxAutoUpdater~Cleanup - Initial cleanup successful"]
[4381][1603519189919][main][info]["Bootstrap-models~bootstrap - Success"]
[4381][1603519192083][main][info]["window-manager~newSharedWindow: Shell loaded"]
[4381][1603519202301][main][info]["Main~AppEvents - Received booted event for process shared"]
[4381][1603519212686][main][info]["UpdateHandler~app-update-events - Received event",{"name":"checkForElectronVersionUpdated","namespace":"appUpdate"}]
[4381][1603519212763][main][info]["Main~AppEvents - Received booted event for process requester"]
[4381][1603519780973][main][info]["Quitting app"]
[5075][1603523477178][main][info]["Booting Postman 7.34.0, linux-5.9.1-arch1-1 on x64"]
[5075][1603523477186][main][info]["EventBus~initialize - Success"]
[5075][1603523477206][main][warn]["CloudProxyManager~init: Error while reading proxy configuration from user data - ",{"errno":-2,"code":"ENOENT","syscall":"open","path":"/home/anjan/.config/Postman/Postman_Config/proxy","name":"Error","message":"ENOENT: no such file or directory, open '/home/anjan/.config/Postman/Postman_Config/proxy'","stack":"Error: ENOENT: no such file or directory, open '/home/anjan/.config/Postman/Postman_Config/proxy'"}]
[5075][1603523477208][main][info]["CloudProxyManager~init - Success"]
[5075][1603523477221][main][info]["UpdateHandler~init - Success"]
[5075][1603523479326][main][info]["RuntimeIPCAgent~started: Success"]
[5075][1603523480624][main][info]["LinuxAutoUpdater~Cleanup - Initial cleanup successful"]
[5075][1603523481142][main][info]["Bootstrap-models~bootstrap - Success"]
[5075][1603523483156][main][info]["window-manager~newSharedWindow: Shell loaded"]
[5075][1603523492871][main][info]["Main~AppEvents - Received booted event for process shared"]
[5075][1603523500686][main][info]["UpdateHandler~app-update-events - Received event",{"name":"checkForElectronVersionUpdated","namespace":"appUpdate"}]
[5075][1603523500709][main][info]["Main~AppEvents - Received booted event for process requester"]
[5075][1603525885660][main][info]["WindowManager~closeHandler - Closed Window (id: 3 )"]
[5075][1603525885780][main][info]["Quitting app"]
[16719][1603536642209][main][info]["Booting Postman 7.34.0, linux-5.9.1-arch1-1 on x64"]
[16719][1603536642221][main][info]["EventBus~initialize - Success"]
[16719][1603536642260][main][warn]["CloudProxyManager~init: Error while reading proxy configuration from user data - ",{"errno":-2,"code":"ENOENT","syscall":"open","path":"/home/anjan/.config/Postman/Postman_Config/proxy","name":"Error","message":"ENOENT: no such file or directory, open '/home/anjan/.config/Postman/Postman_Config/proxy'","stack":"Error: ENOENT: no such file or directory, open '/home/anjan/.config/Postman/Postman_Config/proxy'"}]
[16719][1603536642263][main][info]["CloudProxyManager~init - Success"]
[16719][1603536642297][main][info]["UpdateHandler~init - Success"]
[16719][1603536644747][main][info]["RuntimeIPCAgent~started: Success"]
[16719][1603536646564][main][info]["LinuxAutoUpdater~Cleanup - Initial cleanup successful"]
[16719][1603536647218][main][info]["Bootstrap-models~bootstrap - Success"]
[16719][1603536649531][main][info]["window-manager~newSharedWindow: Shell loaded"]
[16719][1603536665502][main][info]["Main~AppEvents - Received booted event for process shared"]
[16719][1603536684285][main][info]["UpdateHandler~app-update-events - Received event",{"name":"checkForElectronVersionUpdated","namespace":"appUpdate"}]
[16719][1603536684382][main][info]["Main~AppEvents - Received booted event for process requester"]
[16719][1603540230225][main][info]["WindowManager~closeHandler - Closed Window (id: 3 )"]
[16719][1603540230667][main][info]["Quitting app"]
[1930][1603602592417][main][info]["Booting Postman 7.34.0, linux-5.9.1-arch1-1 on x64"]
[1930][1603602592441][main][info]["EventBus~initialize - Success"]
[1930][1603602592456][main][warn]["CloudProxyManager~init: Error while reading proxy configuration from user data - ",{"errno":-2,"code":"ENOENT","syscall":"open","path":"/home/anjan/.config/Postman/Postman_Config/proxy","name":"Error","message":"ENOENT: no such file or directory, open '/home/anjan/.config/Postman/Postman_Config/proxy'","stack":"Error: ENOENT: no such file or directory, open '/home/anjan/.config/Postman/Postman_Config/proxy'"}]
[1930][1603602592462][main][info]["CloudProxyManager~init - Success"]
[1930][1603602592491][main][info]["UpdateHandler~init - Success"]
[1930][1603602594850][main][info]["RuntimeIPCAgent~started: Success"]
[1930][1603602596390][main][info]["LinuxAutoUpdater~Cleanup - Initial cleanup successful"]
[1930][1603602596938][main][info]["Bootstrap-models~bootstrap - Success"]
[1930][1603602599788][main][info]["window-manager~newSharedWindow: Shell loaded"]
[1930][1603602613619][main][info]["Main~AppEvents - Received booted event for process shared"]
[1930][1603602635361][main][info]["UpdateHandler~app-update-events - Received event",{"name":"checkForElectronVersionUpdated","namespace":"appUpdate"}]
[1930][1603602635543][main][info]["Main~AppEvents - Received booted event for process requester"]
[1930][1603607551399][main][info]["WindowManager~closeHandler - Closed Window (id: 3 )"]
[1930][1603607552445][main][info]["Quitting app"]
[4043][1603646301888][main][info]["Booting Postman 7.34.0, linux-5.9.1-arch1-1 on x64"]
[4043][1603646301895][main][info]["EventBus~initialize - Success"]
[4043][1603646301923][main][warn]["CloudProxyManager~init: Error while reading proxy configuration from user data - ",{"errno":-2,"code":"ENOENT","syscall":"open","path":"/home/anjan/.config/Postman/Postman_Config/proxy","name":"Error","message":"ENOENT: no such file or directory, open '/home/anjan/.config/Postman/Postman_Config/proxy'","stack":"Error: ENOENT: no such file or directory, open '/home/anjan/.config/Postman/Postman_Config/proxy'"}]
[4043][1603646301925][main][info]["CloudProxyManager~init - Success"]
[4043][1603646301960][main][info]["UpdateHandler~init - Success"]
[4043][1603646304240][main][info]["RuntimeIPCAgent~started: Success"]
[4043][1603646305760][main][info]["LinuxAutoUpdater~Cleanup - Initial cleanup successful"]
[4043][1603646306357][main][info]["Bootstrap-models~bootstrap - Success"]
[4043][1603646308695][main][info]["window-manager~newSharedWindow: Shell loaded"]
[4043][1603646321361][main][info]["Main~AppEvents - Received booted event for process shared"]
[4043][1603646330991][main][info]["UpdateHandler~app-update-events - Received event",{"name":"checkForElectronVersionUpdated","namespace":"appUpdate"}]
[4043][1603646331106][main][info]["Main~AppEvents - Received booted event for process requester"]
[4043][1603651124706][main][info]["Quitting app"]
[1933][1603681415741][main][info]["Booting Postman 7.34.0, linux-5.9.1-arch1-1 on x64"]
[1933][1603681415759][main][info]["EventBus~initialize - Success"]
[1933][1603681415774][main][warn]["CloudProxyManager~init: Error while reading proxy configuration from user data - ",{"errno":-2,"code":"ENOENT","syscall":"open","path":"/home/anjan/.config/Postman/Postman_Config/proxy","name":"Error","message":"ENOENT: no such file or directory, open '/home/anjan/.config/Postman/Postman_Config/proxy'","stack":"Error: ENOENT: no such file or directory, open '/home/anjan/.config/Postman/Postman_Config/proxy'"}]
[1933][1603681415777][main][info]["CloudProxyManager~init - Success"]
[1933][1603681415833][main][info]["UpdateHandler~init - Success"]
[1933][1603681418680][main][info]["RuntimeIPCAgent~started: Success"]
[1933][1603681420424][main][info]["LinuxAutoUpdater~Cleanup - Initial cleanup successful"]
[1933][1603681421222][main][info]["Bootstrap-models~bootstrap - Success"]
[1933][1603681424304][main][info]["window-manager~newSharedWindow: Shell loaded"]
[1933][1603681444093][main][info]["Main~AppEvents - Received booted event for process shared"]
[1933][1603681451538][main][info]["UpdateHandler~app-update-events - Received event",{"name":"checkForElectronVersionUpdated","namespace":"appUpdate"}]
[1933][1603681451569][main][info]["Main~AppEvents - Received booted event for process requester"]
[1764][1603690029869][main][info]["Booting Postman 7.34.0, linux-5.9.1-arch1-1 on x64"]
[1764][1603690029876][main][info]["EventBus~initialize - Success"]
[1764][1603690029897][main][warn]["CloudProxyManager~init: Error while reading proxy configuration from user data - ",{"errno":-2,"code":"ENOENT","syscall":"open","path":"/home/anjan/.config/Postman/Postman_Config/proxy","name":"Error","message":"ENOENT: no such file or directory, open '/home/anjan/.config/Postman/Postman_Config/proxy'","stack":"Error: ENOENT: no such file or directory, open '/home/anjan/.config/Postman/Postman_Config/proxy'"}]
[1764][1603690029899][main][info]["CloudProxyManager~init - Success"]
[1764][1603690029913][main][info]["UpdateHandler~init - Success"]
[1764][1603690032050][main][info]["RuntimeIPCAgent~started: Success"]
[1764][1603690033349][main][info]["LinuxAutoUpdater~Cleanup - Initial cleanup successful"]
[1764][1603690033795][main][info]["Bootstrap-models~bootstrap - Success"]
[1764][1603690035947][main][info]["window-manager~newSharedWindow: Shell loaded"]
[1764][1603690044786][main][info]["Main~AppEvents - Received booted event for process shared"]
[1764][1603690052201][main][info]["UpdateHandler~app-update-events - Received event",{"name":"checkForElectronVersionUpdated","namespace":"appUpdate"}]
[1764][1603690052224][main][info]["Main~AppEvents - Received booted event for process requester"]
[811][1603707293238][main][info]["Booting Postman 7.34.0, linux-5.9.1-arch1-1 on x64"]
[811][1603707293244][main][info]["EventBus~initialize - Success"]
[811][1603707293266][main][warn]["CloudProxyManager~init: Error while reading proxy configuration from user data - ",{"errno":-2,"code":"ENOENT","syscall":"open","path":"/home/anjan/.config/Postman/Postman_Config/proxy","name":"Error","message":"ENOENT: no such file or directory, open '/home/anjan/.config/Postman/Postman_Config/proxy'","stack":"Error: ENOENT: no such file or directory, open '/home/anjan/.config/Postman/Postman_Config/proxy'"}]
[811][1603707293269][main][info]["CloudProxyManager~init - Success"]
[811][1603707293281][main][info]["UpdateHandler~init - Success"]
[811][1603707295694][main][info]["RuntimeIPCAgent~started: Success"]
[811][1603707296921][main][info]["LinuxAutoUpdater~Cleanup - Initial cleanup successful"]
[811][1603707297867][main][info]["Bootstrap-models~bootstrap - Success"]
[811][1603707301942][main][info]["window-manager~newSharedWindow: Shell loaded"]
[811][1603707314981][main][info]["Main~AppEvents - Received booted event for process shared"]
[811][1603707322059][main][info]["UpdateHandler~app-update-events - Received event",{"name":"checkForElectronVersionUpdated","namespace":"appUpdate"}]
[811][1603707322130][main][info]["Main~AppEvents - Received booted event for process requester"]
[1110][1603731751256][main][info]["Booting Postman 7.34.0, linux-5.9.1-arch1-1 on x64"]
[1110][1603731751263][main][info]["EventBus~initialize - Success"]
[1110][1603731751279][main][warn]["CloudProxyManager~init: Error while reading proxy configuration from user data - ",{"errno":-2,"code":"ENOENT","syscall":"open","path":"/home/anjan/.config/Postman/Postman_Config/proxy","name":"Error","message":"ENOENT: no such file or directory, open '/home/anjan/.config/Postman/Postman_Config/proxy'","stack":"Error: ENOENT: no such file or directory, open '/home/anjan/.config/Postman/Postman_Config/proxy'"}]
[1110][1603731751282][main][info]["CloudProxyManager~init - Success"]
[1110][1603731751296][main][info]["UpdateHandler~init - Success"]
[1110][1603731753461][main][info]["RuntimeIPCAgent~started: Success"]
[1110][1603731754870][main][info]["LinuxAutoUpdater~Cleanup - Initial cleanup successful"]
[1110][1603731755383][main][info]["Bootstrap-models~bootstrap - Success"]
[1110][1603731758108][main][info]["window-manager~newSharedWindow: Shell loaded"]
[1110][1603731766806][main][info]["Main~AppEvents - Received booted event for process shared"]
[1110][1603731775289][main][info]["UpdateHandler~app-update-events - Received event",{"name":"checkForElectronVersionUpdated","namespace":"appUpdate"}]
[1110][1603731775410][main][info]["Main~AppEvents - Received booted event for process requester"]
[2618][1603760847213][main][info]["Booting Postman 7.34.0, linux-5.9.1-arch1-1 on x64"]
[2618][1603760847219][main][info]["EventBus~initialize - Success"]
[2618][1603760847232][main][warn]["CloudProxyManager~init: Error while reading proxy configuration from user data - ",{"errno":-2,"code":"ENOENT","syscall":"open","path":"/home/anjan/.config/Postman/Postman_Config/proxy","name":"Error","message":"ENOENT: no such file or directory, open '/home/anjan/.config/Postman/Postman_Config/proxy'","stack":"Error: ENOENT: no such file or directory, open '/home/anjan/.config/Postman/Postman_Config/proxy'"}]
[2618][1603760847235][main][info]["CloudProxyManager~init - Success"]
[2618][1603760847248][main][info]["UpdateHandler~init - Success"]
[2618][1603760849361][main][info]["RuntimeIPCAgent~started: Success"]
[2618][1603760850622][main][info]["LinuxAutoUpdater~Cleanup - Initial cleanup successful"]
[2618][1603760851129][main][info]["Bootstrap-models~bootstrap - Success"]
[2618][1603760853307][main][info]["window-manager~newSharedWindow: Shell loaded"]
[2618][1603760862983][main][info]["Main~AppEvents - Received booted event for process shared"]
[2618][1603760870788][main][info]["UpdateHandler~app-update-events - Received event",{"name":"checkForElectronVersionUpdated","namespace":"appUpdate"}]
[2618][1603760870847][main][info]["Main~AppEvents - Received booted event for process requester"]
[2618][1603763690959][main][info]["WindowManager~closeHandler - Closed Window (id: 3 )"]
[2618][1603763691117][main][info]["Quitting app"]
[27418][1604326783332][main][info]["Booting Postman 7.34.0, linux-5.9.2-arch1-1 on x64"]
[27418][1604326783341][main][info]["EventBus~initialize - Success"]
[27418][1604326783382][main][warn]["CloudProxyManager~init: Error while reading proxy configuration from user data - ",{"errno":-2,"code":"ENOENT","syscall":"open","path":"/home/anjan/.config/Postman/Postman_Config/proxy","name":"Error","message":"ENOENT: no such file or directory, open '/home/anjan/.config/Postman/Postman_Config/proxy'","stack":"Error: ENOENT: no such file or directory, open '/home/anjan/.config/Postman/Postman_Config/proxy'"}]
[27418][1604326783384][main][info]["CloudProxyManager~init - Success"]
[27418][1604326783396][main][info]["UpdateHandler~init - Success"]
[27418][1604326788084][main][info]["RuntimeIPCAgent~started: Success"]
[27418][1604326790959][main][info]["LinuxAutoUpdater~Cleanup - Initial cleanup successful"]
[27418][1604326791772][main][info]["Bootstrap-models~bootstrap - Success"]
[27418][1604326795426][main][info]["window-manager~newSharedWindow: Shell loaded"]
[27418][1604326863968][main][info]["Main~AppEvents - Received booted event for process shared"]
[27418][1604326979686][main][info]["UpdateHandler~app-update-events - Received event",{"name":"checkForElectronVersionUpdated","namespace":"appUpdate"}]
[27418][1604326979714][main][info]["Main~AppEvents - Received booted event for process requester"]
[27418][1604326995027][main][info]["UpdateHandler~app-update-events - Received event",{"data":{"additionalParamsString":"installationId=ca5206c5-939e-49f3-a806-fb4657eb8250&userId=12199269&syncEnabled=true&teamPlan=","appId":"ca5206c5-939e-49f3-a806-fb4657eb8250","arch":"64","channel":"stable","downloadURL":"https://dl.pstmn.io/download/version/7.35.0/linux_64","downloadVersion":"7.35.0","platform":"LINUX","updateServerDomain":"https://dl.pstmn.io/","userAgent":"Mozilla/5.0 (X11; Linux x86_64) AppleWebKit/537.36 (KHTML, like Gecko) Postman/7.34.0 Chrome/78.0.3904.130 Electron/7.3.2 Safari/537.36","userId":"12199269","version":"7.34.0"},"name":"updateElectron","namespace":"appUpdate"}]
[27418][1604326995028][main][info]["LinuxUpdater~downloadUpdate - UpdateInfo received",{"additionalParamsString":"installationId=ca5206c5-939e-49f3-a806-fb4657eb8250&userId=12199269&syncEnabled=true&teamPlan=","appId":"ca5206c5-939e-49f3-a806-fb4657eb8250","arch":"64","channel":"stable","downloadURL":"https://dl.pstmn.io/download/version/7.35.0/linux_64","downloadVersion":"7.35.0","platform":"LINUX","updateServerDomain":"https://dl.pstmn.io/","userAgent":"Mozilla/5.0 (X11; Linux x86_64) AppleWebKit/537.36 (KHTML, like Gecko) Postman/7.34.0 Chrome/78.0.3904.130 Electron/7.3.2 Safari/537.36","userId":"12199269","version":"7.34.0"}]
[27418][1604326996463][main][info]["@postman/app-updater: error",{"errno":-13,"code":"EACCES","syscall":"open","path":"/opt/postman/Postman-1604326995031.tar.gz","name":"Error","message":"EACCES: permission denied, open '/opt/postman/Postman-1604326995031.tar.gz'","stack":"Error: EACCES: permission denied, open '/opt/postman/Postman-1604326995031.tar.gz'"},{"packageName":"Postman","eID":"Postman-1604326995031","downloadURL":"https://dl.pstmn.io/download/version/7.35.0/linux_64","downloadDirectory":"/opt/postman","downloadInfo":{"status":"DOWNLOAD_ERROR","error":{"errno":-13,"code":"EACCES","syscall":"open","path":"/opt/postman/Postman-1604326995031.tar.gz"},"downloadDirectory":"/opt/postman"}}]
[27418][1604326996468][main][info]["UpdateHandler~app-update-events - Received event",{"name":"electronAppUpdateError","namespace":"appUpdate","data":{"error":{"errno":-13,"code":"EACCES","syscall":"open","path":"/opt/postman/Postman-1604326995031.tar.gz","name":"Error","message":"EACCES: permission denied, open '/opt/postman/Postman-1604326995031.tar.gz'","stack":"Error: EACCES: permission denied, open '/opt/postman/Postman-1604326995031.tar.gz'"},"updateData":{"packageName":"Postman","eID":"Postman-1604326995031","downloadURL":"https://dl.pstmn.io/download/version/7.35.0/linux_64","downloadDirectory":"/opt/postman","downloadInfo":{"status":"DOWNLOAD_ERROR","error":{"errno":-13,"code":"EACCES","syscall":"open","path":"/opt/postman/Postman-1604326995031.tar.gz"},"downloadDirectory":"/opt/postman"}}}}]
[27418][1604327029968][main][info]["WindowManager~closeHandler - Closed Window (id: 3 )"]
[27418][1604327030185][main][info]["Quitting app"]
[16451][1604337810504][main][info]["Booting Postman 7.34.0, linux-5.9.2-arch1-1 on x64"]
[16451][1604337810510][main][info]["EventBus~initialize - Success"]
[16451][1604337810557][main][warn]["CloudProxyManager~init: Error while reading proxy configuration from user data - ",{"errno":-2,"code":"ENOENT","syscall":"open","path":"/home/anjan/.config/Postman/Postman_Config/proxy","name":"Error","message":"ENOENT: no such file or directory, open '/home/anjan/.config/Postman/Postman_Config/proxy'","stack":"Error: ENOENT: no such file or directory, open '/home/anjan/.config/Postman/Postman_Config/proxy'"}]
[16451][1604337810561][main][info]["CloudProxyManager~init - Success"]
[16451][1604337810578][main][info]["UpdateHandler~init - Success"]
[16451][1604337813676][main][info]["RuntimeIPCAgent~started: Success"]
[16451][1604337816031][main][info]["LinuxAutoUpdater~Cleanup - Initial cleanup successful"]
[16451][1604337817120][main][info]["Bootstrap-models~bootstrap - Success"]
[16451][1604337820390][main][info]["window-manager~newSharedWindow: Shell loaded"]
[16451][1604337830808][main][info]["Main~AppEvents - Received booted event for process shared"]
[16451][1604337841027][main][info]["UpdateHandler~app-update-events - Received event",{"name":"checkForElectronVersionUpdated","namespace":"appUpdate"}]
[16451][1604337841053][main][info]["Main~AppEvents - Received booted event for process requester"]
[16451][1604337855859][main][info]["UpdateHandler~app-update-events - Received event",{"data":{"additionalParamsString":"installationId=ca5206c5-939e-49f3-a806-fb4657eb8250&userId=12199269&syncEnabled=true&teamPlan=","appId":"ca5206c5-939e-49f3-a806-fb4657eb8250","arch":"64","channel":"stable","downloadURL":"https://dl.pstmn.io/download/version/7.35.0/linux_64","downloadVersion":"7.35.0","platform":"LINUX","updateServerDomain":"https://dl.pstmn.io/","userAgent":"Mozilla/5.0 (X11; Linux x86_64) AppleWebKit/537.36 (KHTML, like Gecko) Postman/7.34.0 Chrome/78.0.3904.130 Electron/7.3.2 Safari/537.36","userId":"12199269","version":"7.34.0"},"name":"updateElectron","namespace":"appUpdate"}]
[16451][1604337855860][main][info]["LinuxUpdater~downloadUpdate - UpdateInfo received",{"additionalParamsString":"installationId=ca5206c5-939e-49f3-a806-fb4657eb8250&userId=12199269&syncEnabled=true&teamPlan=","appId":"ca5206c5-939e-49f3-a806-fb4657eb8250","arch":"64","channel":"stable","downloadURL":"https://dl.pstmn.io/download/version/7.35.0/linux_64","downloadVersion":"7.35.0","platform":"LINUX","updateServerDomain":"https://dl.pstmn.io/","userAgent":"Mozilla/5.0 (X11; Linux x86_64) AppleWebKit/537.36 (KHTML, like Gecko) Postman/7.34.0 Chrome/78.0.3904.130 Electron/7.3.2 Safari/537.36","userId":"12199269","version":"7.34.0"}]
[16451][1604337857393][main][info]["@postman/app-updater: error",{"errno":-13,"code":"EACCES","syscall":"open","path":"/opt/postman/Postman-1604337855862.tar.gz","name":"Error","message":"EACCES: permission denied, open '/opt/postman/Postman-1604337855862.tar.gz'","stack":"Error: EACCES: permission denied, open '/opt/postman/Postman-1604337855862.tar.gz'"},{"packageName":"Postman","eID":"Postman-1604337855862","downloadURL":"https://dl.pstmn.io/download/version/7.35.0/linux_64","downloadDirectory":"/opt/postman","downloadInfo":{"status":"DOWNLOAD_ERROR","error":{"errno":-13,"code":"EACCES","syscall":"open","path":"/opt/postman/Postman-1604337855862.tar.gz"},"downloadDirectory":"/opt/postman"}}]
[16451][1604337857396][main][info]["UpdateHandler~app-update-events - Received event",{"name":"electronAppUpdateError","namespace":"appUpdate","data":{"error":{"errno":-13,"code":"EACCES","syscall":"open","path":"/opt/postman/Postman-1604337855862.tar.gz","name":"Error","message":"EACCES: permission denied, open '/opt/postman/Postman-1604337855862.tar.gz'","stack":"Error: EACCES: permission denied, open '/opt/postman/Postman-1604337855862.tar.gz'"},"updateData":{"packageName":"Postman","eID":"Postman-1604337855862","downloadURL":"https://dl.pstmn.io/download/version/7.35.0/linux_64","downloadDirectory":"/opt/postman","downloadInfo":{"status":"DOWNLOAD_ERROR","error":{"errno":-13,"code":"EACCES","syscall":"open","path":"/opt/postman/Postman-1604337855862.tar.gz"},"downloadDirectory":"/opt/postman"}}}}]
[16451][1604338212356][main][info]["WindowManager~closeHandler - Closed Window (id: 3 )"]
[16451][1604338213753][main][info]["Quitting app"]
