[35355][1603189361455][shell][info]["EventBus~initialize - Success"]
[35355][1603189361604][shell][info]["bootShellCrashReporter~ Success"]
[35355][1603189361611][shell][info]["shellController~init: Success"]
[35355][1603189361612][shell][info]["shellMeta~init: Success"]
[35355][1603189361706][shell][info]["init~setViewAttributes - Initializing view with opts:",{"devtools":false,"id":2,"startTime":1603189358632,"type":"shared","partitionId":"default"}]
[35355][1603189361710][shell][info]["init~setViewAttributes - Success"]
[35355][1603189382492][shell][info]["EventBus~initialize - Success"]
[35355][1603189382537][shell][info]["bootShellCrashReporter~ Success"]
[35355][1603189382548][shell][info]["shellController~init: Success"]
[35355][1603189382551][shell][info]["shellMeta~init: Success"]
[35355][1603189382644][shell][info]["init~setViewAttributes - Initializing view with opts:",{"allIds":[4],"devtools":false,"id":4,"primaryId":4,"startTime":1603189380781,"type":"requester","partitionId":"default"}]
[35355][1603189382648][shell][info]["init~setViewAttributes - Success"]
[763][1603203706215][shell][info]["EventBus~initialize - Success"]
[763][1603203706287][shell][info]["bootShellCrashReporter~ Success"]
[763][1603203706292][shell][info]["shellController~init: Success"]
[763][1603203706293][shell][info]["shellMeta~init: Success"]
[763][1603203706354][shell][info]["init~setViewAttributes - Initializing view with opts:",{"devtools":false,"id":2,"startTime":1603203703550,"type":"shared","partitionId":"default"}]
[763][1603203706357][shell][info]["init~setViewAttributes - Success"]
[763][1603203715635][shell][info]["EventBus~initialize - Success"]
[763][1603203715657][shell][info]["bootShellCrashReporter~ Success"]
[763][1603203715661][shell][info]["shellController~init: Success"]
[763][1603203715662][shell][info]["shellMeta~init: Success"]
[763][1603203715693][shell][info]["init~setViewAttributes - Initializing view with opts:",{"allIds":[3],"devtools":false,"id":3,"primaryId":3,"startTime":1603203714929,"type":"requester","partitionId":"default"}]
[763][1603203715696][shell][info]["init~setViewAttributes - Success"]
[809][1603213687588][shell][info]["EventBus~initialize - Success"]
[809][1603213687696][shell][info]["bootShellCrashReporter~ Success"]
[809][1603213687710][shell][info]["shellController~init: Success"]
[809][1603213687712][shell][info]["shellMeta~init: Success"]
[809][1603213687828][shell][info]["init~setViewAttributes - Initializing view with opts:",{"devtools":false,"id":2,"startTime":1603213684502,"type":"shared","partitionId":"default"}]
[809][1603213687840][shell][info]["init~setViewAttributes - Success"]
[809][1603213699728][shell][info]["EventBus~initialize - Success"]
[809][1603213699750][shell][info]["bootShellCrashReporter~ Success"]
[809][1603213699754][shell][info]["shellController~init: Success"]
[809][1603213699755][shell][info]["shellMeta~init: Success"]
[809][1603213699788][shell][info]["init~setViewAttributes - Initializing view with opts:",{"allIds":[3],"devtools":false,"id":3,"primaryId":3,"startTime":1603213698974,"type":"requester","partitionId":"default"}]
[809][1603213699791][shell][info]["init~setViewAttributes - Success"]
[3282][1603256398512][shell][info]["EventBus~initialize - Success"]
[3282][1603256398587][shell][info]["bootShellCrashReporter~ Success"]
[3282][1603256398595][shell][info]["shellController~init: Success"]
[3282][1603256398596][shell][info]["shellMeta~init: Success"]
[3282][1603256398680][shell][info]["init~setViewAttributes - Initializing view with opts:",{"devtools":false,"id":2,"startTime":1603256395551,"type":"shared","partitionId":"default"}]
[3282][1603256398684][shell][info]["init~setViewAttributes - Success"]
[3282][1603256415098][shell][info]["EventBus~initialize - Success"]
[3282][1603256415128][shell][info]["bootShellCrashReporter~ Success"]
[3282][1603256415134][shell][info]["shellController~init: Success"]
[3282][1603256415135][shell][info]["shellMeta~init: Success"]
[3282][1603256415242][shell][info]["init~setViewAttributes - Initializing view with opts:",{"allIds":[3],"devtools":false,"id":3,"primaryId":3,"startTime":1603256413690,"type":"requester","partitionId":"default"}]
[3282][1603256415255][shell][info]["init~setViewAttributes - Success"]
[2534][1603273357091][shell][info]["EventBus~initialize - Success"]
[2534][1603273357261][shell][info]["bootShellCrashReporter~ Success"]
[2534][1603273357294][shell][info]["shellController~init: Success"]
[2534][1603273357306][shell][info]["shellMeta~init: Success"]
[2534][1603273357435][shell][info]["init~setViewAttributes - Initializing view with opts:",{"devtools":false,"id":2,"startTime":1603273354327,"type":"shared","partitionId":"default"}]
[2534][1603273357453][shell][info]["init~setViewAttributes - Success"]
[2534][1603273367938][shell][info]["EventBus~initialize - Success"]
[2534][1603273367959][shell][info]["bootShellCrashReporter~ Success"]
[2534][1603273367964][shell][info]["shellController~init: Success"]
[2534][1603273367965][shell][info]["shellMeta~init: Success"]
[2534][1603273368001][shell][info]["init~setViewAttributes - Initializing view with opts:",{"allIds":[3],"devtools":false,"id":3,"primaryId":3,"startTime":1603273367144,"type":"requester","partitionId":"default"}]
[2534][1603273368004][shell][info]["init~setViewAttributes - Success"]
[812][1603280489315][shell][info]["EventBus~initialize - Success"]
[812][1603280489401][shell][info]["bootShellCrashReporter~ Success"]
[812][1603280489407][shell][info]["shellController~init: Success"]
[812][1603280489408][shell][info]["shellMeta~init: Success"]
[812][1603280489476][shell][info]["init~setViewAttributes - Initializing view with opts:",{"devtools":false,"id":2,"startTime":1603280486509,"type":"shared","partitionId":"default"}]
[812][1603280489481][shell][info]["init~setViewAttributes - Success"]
[812][1603280502324][shell][info]["EventBus~initialize - Success"]
[812][1603280502359][shell][info]["bootShellCrashReporter~ Success"]
[812][1603280502364][shell][info]["shellController~init: Success"]
[812][1603280502365][shell][info]["shellMeta~init: Success"]
[812][1603280502493][shell][info]["init~setViewAttributes - Initializing view with opts:",{"allIds":[3],"devtools":false,"id":3,"primaryId":3,"startTime":1603280501098,"type":"requester","partitionId":"default"}]
[812][1603280502501][shell][info]["init~setViewAttributes - Success"]
[3600][1603291072579][shell][info]["EventBus~initialize - Success"]
[3600][1603291072659][shell][info]["bootShellCrashReporter~ Success"]
[3600][1603291072664][shell][info]["shellController~init: Success"]
[3600][1603291072665][shell][info]["shellMeta~init: Success"]
[3600][1603291072752][shell][info]["init~setViewAttributes - Initializing view with opts:",{"devtools":false,"id":2,"startTime":1603291069912,"type":"shared","partitionId":"default"}]
[3600][1603291072758][shell][info]["init~setViewAttributes - Success"]
[3600][1603291083781][shell][info]["EventBus~initialize - Success"]
[3600][1603291083803][shell][info]["bootShellCrashReporter~ Success"]
[3600][1603291083807][shell][info]["shellController~init: Success"]
[3600][1603291083808][shell][info]["shellMeta~init: Success"]
[3600][1603291083840][shell][info]["init~setViewAttributes - Initializing view with opts:",{"allIds":[3],"devtools":false,"id":3,"primaryId":3,"startTime":1603291083042,"type":"requester","partitionId":"default"}]
[3600][1603291083843][shell][info]["init~setViewAttributes - Success"]
[2535][1603334504387][shell][info]["EventBus~initialize - Success"]
[2535][1603334504723][shell][info]["bootShellCrashReporter~ Success"]
[2535][1603334504734][shell][info]["shellController~init: Success"]
[2535][1603334504735][shell][info]["shellMeta~init: Success"]
[2535][1603334504922][shell][info]["init~setViewAttributes - Initializing view with opts:",{"devtools":false,"id":2,"startTime":1603334496800,"type":"shared","partitionId":"default"}]
[2535][1603334504938][shell][info]["init~setViewAttributes - Success"]
[2535][1603334535919][shell][info]["EventBus~initialize - Success"]
[2535][1603334535962][shell][info]["bootShellCrashReporter~ Success"]
[2535][1603334535969][shell][info]["shellController~init: Success"]
[2535][1603334535970][shell][info]["shellMeta~init: Success"]
[2535][1603334536093][shell][info]["init~setViewAttributes - Initializing view with opts:",{"allIds":[3],"devtools":false,"id":3,"primaryId":3,"startTime":1603334533760,"type":"requester","partitionId":"default"}]
[2535][1603334536130][shell][info]["init~setViewAttributes - Success"]
[1017][1603336152206][shell][info]["EventBus~initialize - Success"]
[1017][1603336152341][shell][info]["bootShellCrashReporter~ Success"]
[1017][1603336152353][shell][info]["shellController~init: Success"]
[1017][1603336152354][shell][info]["shellMeta~init: Success"]
[1017][1603336152467][shell][info]["init~setViewAttributes - Initializing view with opts:",{"devtools":false,"id":2,"startTime":1603336147955,"type":"shared","partitionId":"default"}]
[1017][1603336152485][shell][info]["init~setViewAttributes - Success"]
[1017][1603336164822][shell][info]["EventBus~initialize - Success"]
[1017][1603336164844][shell][info]["bootShellCrashReporter~ Success"]
[1017][1603336164849][shell][info]["shellController~init: Success"]
[1017][1603336164850][shell][info]["shellMeta~init: Success"]
[1017][1603336164883][shell][info]["init~setViewAttributes - Initializing view with opts:",{"allIds":[3],"devtools":false,"id":3,"primaryId":3,"startTime":1603336164087,"type":"requester","partitionId":"default"}]
[1017][1603336164885][shell][info]["init~setViewAttributes - Success"]
[5340][1603344597967][shell][info]["EventBus~initialize - Success"]
[5340][1603344598185][shell][info]["bootShellCrashReporter~ Success"]
[5340][1603344598216][shell][info]["shellController~init: Success"]
[5340][1603344598217][shell][info]["shellMeta~init: Success"]
[5340][1603344598547][shell][info]["init~setViewAttributes - Initializing view with opts:",{"devtools":false,"id":2,"startTime":1603344591190,"type":"shared","partitionId":"default"}]
[5340][1603344598570][shell][info]["init~setViewAttributes - Success"]
[5340][1603344631150][shell][info]["EventBus~initialize - Success"]
[5340][1603344631181][shell][info]["bootShellCrashReporter~ Success"]
[5340][1603344631192][shell][info]["shellController~init: Success"]
[5340][1603344631193][shell][info]["shellMeta~init: Success"]
[5340][1603344631268][shell][info]["init~setViewAttributes - Initializing view with opts:",{"allIds":[3],"devtools":false,"id":3,"primaryId":3,"startTime":1603344629149,"type":"requester","partitionId":"default"}]
[5340][1603344631276][shell][info]["init~setViewAttributes - Success"]
[832][1603351604009][shell][info]["EventBus~initialize - Success"]
[832][1603351604238][shell][info]["bootShellCrashReporter~ Success"]
[832][1603351604243][shell][info]["shellController~init: Success"]
[832][1603351604244][shell][info]["shellMeta~init: Success"]
[832][1603351604402][shell][info]["init~setViewAttributes - Initializing view with opts:",{"devtools":false,"id":2,"startTime":1603351598361,"type":"shared","partitionId":"default"}]
[832][1603351604407][shell][info]["init~setViewAttributes - Success"]
[832][1603351621989][shell][info]["EventBus~initialize - Success"]
[832][1603351622035][shell][info]["bootShellCrashReporter~ Success"]
[832][1603351622049][shell][info]["shellController~init: Success"]
[832][1603351622049][shell][info]["shellMeta~init: Success"]
[832][1603351622135][shell][info]["init~setViewAttributes - Initializing view with opts:",{"allIds":[3],"devtools":false,"id":3,"primaryId":3,"startTime":1603351620816,"type":"requester","partitionId":"default"}]
[832][1603351622156][shell][info]["init~setViewAttributes - Success"]
[561][1603358442723][shell][info]["EventBus~initialize - Success"]
[561][1603358442797][shell][info]["bootShellCrashReporter~ Success"]
[561][1603358442805][shell][info]["shellController~init: Success"]
[561][1603358442806][shell][info]["shellMeta~init: Success"]
[561][1603358442880][shell][info]["init~setViewAttributes - Initializing view with opts:",{"devtools":false,"id":2,"startTime":1603358439367,"type":"shared","partitionId":"default"}]
[561][1603358442885][shell][info]["init~setViewAttributes - Success"]
[561][1603358453021][shell][info]["EventBus~initialize - Success"]
[561][1603358453044][shell][info]["bootShellCrashReporter~ Success"]
[561][1603358453048][shell][info]["shellController~init: Success"]
[561][1603358453049][shell][info]["shellMeta~init: Success"]
[561][1603358453081][shell][info]["init~setViewAttributes - Initializing view with opts:",{"allIds":[3],"devtools":false,"id":3,"primaryId":3,"startTime":1603358451911,"type":"requester","partitionId":"default"}]
[561][1603358453085][shell][info]["init~setViewAttributes - Success"]
[4561][1603388011736][shell][info]["EventBus~initialize - Success"]
[4561][1603388011841][shell][info]["bootShellCrashReporter~ Success"]
[4561][1603388011848][shell][info]["shellController~init: Success"]
[4561][1603388011850][shell][info]["shellMeta~init: Success"]
[4561][1603388011945][shell][info]["init~setViewAttributes - Initializing view with opts:",{"devtools":false,"id":2,"startTime":1603388008330,"type":"shared","partitionId":"default"}]
[4561][1603388011962][shell][info]["init~setViewAttributes - Success"]
[4561][1603388027416][shell][info]["EventBus~initialize - Success"]
[4561][1603388027461][shell][info]["bootShellCrashReporter~ Success"]
[4561][1603388027471][shell][info]["shellController~init: Success"]
[4561][1603388027472][shell][info]["shellMeta~init: Success"]
[4561][1603388027538][shell][info]["init~setViewAttributes - Initializing view with opts:",{"allIds":[3],"devtools":false,"id":3,"primaryId":3,"startTime":1603388025828,"type":"requester","partitionId":"default"}]
[4561][1603388027544][shell][info]["init~setViewAttributes - Success"]
[843][1603475409759][shell][info]["EventBus~initialize - Success"]
[843][1603475409821][shell][info]["bootShellCrashReporter~ Success"]
[843][1603475409825][shell][info]["shellController~init: Success"]
[843][1603475409826][shell][info]["shellMeta~init: Success"]
[843][1603475409897][shell][info]["init~setViewAttributes - Initializing view with opts:",{"devtools":false,"id":2,"startTime":1603475406676,"type":"shared","partitionId":"default"}]
[843][1603475409901][shell][info]["init~setViewAttributes - Success"]
[843][1603475419366][shell][info]["EventBus~initialize - Success"]
[843][1603475419387][shell][info]["bootShellCrashReporter~ Success"]
[843][1603475419392][shell][info]["shellController~init: Success"]
[843][1603475419393][shell][info]["shellMeta~init: Success"]
[843][1603475419429][shell][info]["init~setViewAttributes - Initializing view with opts:",{"allIds":[3],"devtools":false,"id":3,"primaryId":3,"startTime":1603475418688,"type":"requester","partitionId":"default"}]
[843][1603475419432][shell][info]["init~setViewAttributes - Success"]
[4381][1603519191949][shell][info]["EventBus~initialize - Success"]
[4381][1603519192021][shell][info]["bootShellCrashReporter~ Success"]
[4381][1603519192026][shell][info]["shellController~init: Success"]
[4381][1603519192029][shell][info]["shellMeta~init: Success"]
[4381][1603519192104][shell][info]["init~setViewAttributes - Initializing view with opts:",{"devtools":false,"id":2,"startTime":1603519189019,"type":"shared","partitionId":"default"}]
[4381][1603519192108][shell][info]["init~setViewAttributes - Success"]
[4381][1603519203344][shell][info]["EventBus~initialize - Success"]
[4381][1603519203368][shell][info]["bootShellCrashReporter~ Success"]
[4381][1603519203373][shell][info]["shellController~init: Success"]
[4381][1603519203375][shell][info]["shellMeta~init: Success"]
[4381][1603519203420][shell][info]["init~setViewAttributes - Initializing view with opts:",{"allIds":[3],"devtools":false,"id":3,"primaryId":3,"startTime":1603519202478,"type":"requester","partitionId":"default"}]
[4381][1603519203428][shell][info]["init~setViewAttributes - Success"]
[5075][1603523483035][shell][info]["EventBus~initialize - Success"]
[5075][1603523483100][shell][info]["bootShellCrashReporter~ Success"]
[5075][1603523483105][shell][info]["shellController~init: Success"]
[5075][1603523483106][shell][info]["shellMeta~init: Success"]
[5075][1603523483176][shell][info]["init~setViewAttributes - Initializing view with opts:",{"devtools":false,"id":2,"startTime":1603523480329,"type":"shared","partitionId":"default"}]
[5075][1603523483182][shell][info]["init~setViewAttributes - Success"]
[5075][1603523494048][shell][info]["EventBus~initialize - Success"]
[5075][1603523494070][shell][info]["bootShellCrashReporter~ Success"]
[5075][1603523494074][shell][info]["shellController~init: Success"]
[5075][1603523494075][shell][info]["shellMeta~init: Success"]
[5075][1603523494106][shell][info]["init~setViewAttributes - Initializing view with opts:",{"allIds":[3],"devtools":false,"id":3,"primaryId":3,"startTime":1603523493046,"type":"requester","partitionId":"default"}]
[5075][1603523494109][shell][info]["init~setViewAttributes - Success"]
[16719][1603536649365][shell][info]["EventBus~initialize - Success"]
[16719][1603536649456][shell][info]["bootShellCrashReporter~ Success"]
[16719][1603536649464][shell][info]["shellController~init: Success"]
[16719][1603536649465][shell][info]["shellMeta~init: Success"]
[16719][1603536649581][shell][info]["init~setViewAttributes - Initializing view with opts:",{"devtools":false,"id":2,"startTime":1603536646081,"type":"shared","partitionId":"default"}]
[16719][1603536649612][shell][info]["init~setViewAttributes - Success"]
[16719][1603536667517][shell][info]["EventBus~initialize - Success"]
[16719][1603536667545][shell][info]["bootShellCrashReporter~ Success"]
[16719][1603536667550][shell][info]["shellController~init: Success"]
[16719][1603536667551][shell][info]["shellMeta~init: Success"]
[16719][1603536667593][shell][info]["init~setViewAttributes - Initializing view with opts:",{"allIds":[3],"devtools":false,"id":3,"primaryId":3,"startTime":1603536665813,"type":"requester","partitionId":"default"}]
[16719][1603536667596][shell][info]["init~setViewAttributes - Success"]
[1930][1603602599594][shell][info]["EventBus~initialize - Success"]
[1930][1603602599697][shell][info]["bootShellCrashReporter~ Success"]
[1930][1603602599710][shell][info]["shellController~init: Success"]
[1930][1603602599713][shell][info]["shellMeta~init: Success"]
[1930][1603602599830][shell][info]["init~setViewAttributes - Initializing view with opts:",{"devtools":false,"id":2,"startTime":1603602595952,"type":"shared","partitionId":"default"}]
[1930][1603602599847][shell][info]["init~setViewAttributes - Success"]
[1930][1603602615085][shell][info]["EventBus~initialize - Success"]
[1930][1603602615114][shell][info]["bootShellCrashReporter~ Success"]
[1930][1603602615121][shell][info]["shellController~init: Success"]
[1930][1603602615122][shell][info]["shellMeta~init: Success"]
[1930][1603602615190][shell][info]["init~setViewAttributes - Initializing view with opts:",{"allIds":[3],"devtools":false,"id":3,"primaryId":3,"startTime":1603602613893,"type":"requester","partitionId":"default"}]
[1930][1603602615199][shell][info]["init~setViewAttributes - Success"]
[4043][1603646308452][shell][info]["EventBus~initialize - Success"]
[4043][1603646308609][shell][info]["bootShellCrashReporter~ Success"]
[4043][1603646308614][shell][info]["shellController~init: Success"]
[4043][1603646308615][shell][info]["shellMeta~init: Success"]
[4043][1603646308729][shell][info]["init~setViewAttributes - Initializing view with opts:",{"devtools":false,"id":2,"startTime":1603646305371,"type":"shared","partitionId":"default"}]
[4043][1603646308749][shell][info]["init~setViewAttributes - Success"]
[4043][1603646322510][shell][info]["EventBus~initialize - Success"]
[4043][1603646322547][shell][info]["bootShellCrashReporter~ Success"]
[4043][1603646322553][shell][info]["shellController~init: Success"]
[4043][1603646322554][shell][info]["shellMeta~init: Success"]
[4043][1603646322634][shell][info]["init~setViewAttributes - Initializing view with opts:",{"allIds":[3],"devtools":false,"id":3,"primaryId":3,"startTime":1603646321622,"type":"requester","partitionId":"default"}]
[4043][1603646322643][shell][info]["init~setViewAttributes - Success"]
[1933][1603681424015][shell][info]["EventBus~initialize - Success"]
[1933][1603681424152][shell][info]["bootShellCrashReporter~ Success"]
[1933][1603681424183][shell][info]["shellController~init: Success"]
[1933][1603681424184][shell][info]["shellMeta~init: Success"]
[1933][1603681424381][shell][info]["init~setViewAttributes - Initializing view with opts:",{"devtools":false,"id":2,"startTime":1603681419992,"type":"shared","partitionId":"default"}]
[1933][1603681424435][shell][info]["init~setViewAttributes - Success"]
[1933][1603681444996][shell][info]["EventBus~initialize - Success"]
[1933][1603681445020][shell][info]["bootShellCrashReporter~ Success"]
[1933][1603681445025][shell][info]["shellController~init: Success"]
[1933][1603681445026][shell][info]["shellMeta~init: Success"]
[1933][1603681445060][shell][info]["init~setViewAttributes - Initializing view with opts:",{"allIds":[3],"devtools":false,"id":3,"primaryId":3,"startTime":1603681444257,"type":"requester","partitionId":"default"}]
[1933][1603681445064][shell][info]["init~setViewAttributes - Success"]
[1764][1603690035833][shell][info]["EventBus~initialize - Success"]
[1764][1603690035901][shell][info]["bootShellCrashReporter~ Success"]
[1764][1603690035905][shell][info]["shellController~init: Success"]
[1764][1603690035906][shell][info]["shellMeta~init: Success"]
[1764][1603690035966][shell][info]["init~setViewAttributes - Initializing view with opts:",{"devtools":false,"id":2,"startTime":1603690032972,"type":"shared","partitionId":"default"}]
[1764][1603690035970][shell][info]["init~setViewAttributes - Success"]
[1764][1603690045717][shell][info]["EventBus~initialize - Success"]
[1764][1603690045739][shell][info]["bootShellCrashReporter~ Success"]
[1764][1603690045743][shell][info]["shellController~init: Success"]
[1764][1603690045744][shell][info]["shellMeta~init: Success"]
[1764][1603690045779][shell][info]["init~setViewAttributes - Initializing view with opts:",{"allIds":[3],"devtools":false,"id":3,"primaryId":3,"startTime":1603690044971,"type":"requester","partitionId":"default"}]
[1764][1603690045781][shell][info]["init~setViewAttributes - Success"]
[811][1603707301579][shell][info]["EventBus~initialize - Success"]
[811][1603707301804][shell][info]["bootShellCrashReporter~ Success"]
[811][1603707301809][shell][info]["shellController~init: Success"]
[811][1603707301810][shell][info]["shellMeta~init: Success"]
[811][1603707301962][shell][info]["init~setViewAttributes - Initializing view with opts:",{"devtools":false,"id":2,"startTime":1603707296582,"type":"shared","partitionId":"default"}]
[811][1603707301969][shell][info]["init~setViewAttributes - Success"]
[811][1603707315847][shell][info]["EventBus~initialize - Success"]
[811][1603707315868][shell][info]["bootShellCrashReporter~ Success"]
[811][1603707315873][shell][info]["shellController~init: Success"]
[811][1603707315874][shell][info]["shellMeta~init: Success"]
[811][1603707315913][shell][info]["init~setViewAttributes - Initializing view with opts:",{"allIds":[3],"devtools":false,"id":3,"primaryId":3,"startTime":1603707315161,"type":"requester","partitionId":"default"}]
[811][1603707315916][shell][info]["init~setViewAttributes - Success"]
[1110][1603731757809][shell][info]["EventBus~initialize - Success"]
[1110][1603731758022][shell][info]["bootShellCrashReporter~ Success"]
[1110][1603731758027][shell][info]["shellController~init: Success"]
[1110][1603731758028][shell][info]["shellMeta~init: Success"]
[1110][1603731758127][shell][info]["init~setViewAttributes - Initializing view with opts:",{"devtools":false,"id":2,"startTime":1603731754535,"type":"shared","partitionId":"default"}]
[1110][1603731758136][shell][info]["init~setViewAttributes - Success"]
[1110][1603731767911][shell][info]["EventBus~initialize - Success"]
[1110][1603731767933][shell][info]["bootShellCrashReporter~ Success"]
[1110][1603731767937][shell][info]["shellController~init: Success"]
[1110][1603731767938][shell][info]["shellMeta~init: Success"]
[1110][1603731767970][shell][info]["init~setViewAttributes - Initializing view with opts:",{"allIds":[3],"devtools":false,"id":3,"primaryId":3,"startTime":1603731767063,"type":"requester","partitionId":"default"}]
[1110][1603731767973][shell][info]["init~setViewAttributes - Success"]
[2618][1603760853162][shell][info]["EventBus~initialize - Success"]
[2618][1603760853250][shell][info]["bootShellCrashReporter~ Success"]
[2618][1603760853254][shell][info]["shellController~init: Success"]
[2618][1603760853256][shell][info]["shellMeta~init: Success"]
[2618][1603760853327][shell][info]["init~setViewAttributes - Initializing view with opts:",{"devtools":false,"id":2,"startTime":1603760850272,"type":"shared","partitionId":"default"}]
[2618][1603760853331][shell][info]["init~setViewAttributes - Success"]
[2618][1603760864060][shell][info]["EventBus~initialize - Success"]
[2618][1603760864112][shell][info]["bootShellCrashReporter~ Success"]
[2618][1603760864118][shell][info]["shellController~init: Success"]
[2618][1603760864119][shell][info]["shellMeta~init: Success"]
[2618][1603760864201][shell][info]["init~setViewAttributes - Initializing view with opts:",{"allIds":[3],"devtools":false,"id":3,"primaryId":3,"startTime":1603760863251,"type":"requester","partitionId":"default"}]
[2618][1603760864205][shell][info]["init~setViewAttributes - Success"]
[27418][1604326795175][shell][info]["EventBus~initialize - Success"]
[27418][1604326795316][shell][info]["bootShellCrashReporter~ Success"]
[27418][1604326795323][shell][info]["shellController~init: Success"]
[27418][1604326795325][shell][info]["shellMeta~init: Success"]
[27418][1604326795448][shell][info]["init~setViewAttributes - Initializing view with opts:",{"devtools":false,"id":2,"startTime":1604326790392,"type":"shared","partitionId":"default"}]
[27418][1604326795451][shell][info]["init~setViewAttributes - Success"]
[27418][1604326886745][shell][info]["EventBus~initialize - Success"]
[27418][1604326887169][shell][info]["bootShellCrashReporter~ Success"]
[27418][1604326887176][shell][info]["shellController~init: Success"]
[27418][1604326887178][shell][info]["shellMeta~init: Success"]
[27418][1604326896619][shell][info]["init~setViewAttributes - Initializing view with opts:",{"allIds":[3],"devtools":false,"id":3,"primaryId":3,"startTime":1604326868614,"type":"requester","partitionId":"default"}]
[27418][1604326897514][shell][info]["init~setViewAttributes - Success"]
[16451][1604337820233][shell][info]["EventBus~initialize - Success"]
[16451][1604337820326][shell][info]["bootShellCrashReporter~ Success"]
[16451][1604337820334][shell][info]["shellController~init: Success"]
[16451][1604337820336][shell][info]["shellMeta~init: Success"]
[16451][1604337820410][shell][info]["init~setViewAttributes - Initializing view with opts:",{"devtools":false,"id":2,"startTime":1604337815536,"type":"shared","partitionId":"default"}]
[16451][1604337820415][shell][info]["init~setViewAttributes - Success"]
[16451][1604337832111][shell][info]["EventBus~initialize - Success"]
[16451][1604337832133][shell][info]["bootShellCrashReporter~ Success"]
[16451][1604337832138][shell][info]["shellController~init: Success"]
[16451][1604337832139][shell][info]["shellMeta~init: Success"]
[16451][1604337832194][shell][info]["init~setViewAttributes - Initializing view with opts:",{"allIds":[3],"devtools":false,"id":3,"primaryId":3,"startTime":1604337831034,"type":"requester","partitionId":"default"}]
[16451][1604337832202][shell][info]["init~setViewAttributes - Success"]
