[35355][1603189400712][requester][info]["EventBus~initialize - Success"]
[35355][1603189400751][requester][info]["Messaging~boot - Success"]
[35355][1603189400924][requester][info]["bootCrashReporter~ Success"]
[35355][1603189400969][requester][info]["Telemetry~boot - Success"]
[35355][1603189400998][requester][info]["bootConfigurations~initialize - Success"]
[35355][1603189401020][requester][info]["Settings~boot - Success"]
[35355][1603189402215][requester][info]["bootstrapModels - Success"]
[35355][1603189402225][requester][info]["WLModels~boot - Success"]
[35355][1603189403003][requester][info]["Session~boot - Success"]
[35355][1603189403034][requester][info]["IndependentServices~boot - Success"]
[35355][1603189403304][requester][info]["AppModels~boot - Success"]
[35355][1603189403327][requester][info]["DBWatcher~boot - Success"]
[35355][1603189403370][requester][info]["ThemeManager~boot - Success"]
[35355][1603189403372][requester][info]["Store~boot - Success"]
[35355][1603189403406][requester][info]["Shortcuts~boot - Success"]
[35355][1603189403408][requester][info]["SyncProxy~boot - Success"]
[35355][1603189403589][requester][info]["NewConsole~boot - Success"]
[35355][1603189403677][requester][info]["APIDevInterface~boot - Success"]
[35355][1603189403913][requester][info]["Requester~boot - Success"]
[35355][1603189403922][requester][info]["booted - requester"]
[35355][1603189404410][requester][warn]["CloudProxyHandler: Error while reading proxy configuration from user data - ",{"errno":-2,"code":"ENOENT","syscall":"open","path":"/home/anjan/.config/Postman/Postman_Config/proxy","name":"Error","message":"ENOENT: no such file or directory, open '/home/anjan/.config/Postman/Postman_Config/proxy'","stack":"Error: ENOENT: no such file or directory, open '/home/anjan/.config/Postman/Postman_Config/proxy'"}]
[35355][1603189426792][requester][info]["SessionValidation - Registering listener"]
[35355][1603189427092][requester][warn]["FeatureFlagsStore~updateFlags: Could not find feature flags",{"error":{"message":"SyncRequestService\\x7erequestListener: Could not fetch from sync. Socket not connected."}}]
[35355][1603189465573][requester][warn]["Failed to subscribe to workspace for all APIs",{"name":"Error","message":"","stack":"Error\n    at SafeSubscriber._next (file:///opt/postman/app/resources/app/js/vendor-shared.js:447886:24)\n    at SafeSubscriber.push.SafeSubscriber.__tryOrUnsub (file:///opt/postman/app/resources/app/js/vendor-shared.js:413243:16)\n    at SafeSubscriber.push.SafeSubscriber.next (file:///opt/postman/app/resources/app/js/vendor-shared.js:413181:22)\n    at Subscriber.push.Subscriber._next (file:///opt/postman/app/resources/app/js/vendor-shared.js:413124:26)\n    at Subscriber.push.Subscriber.next (file:///opt/postman/app/resources/app/js/vendor-shared.js:413101:18)\n    at FilterSubscriber.push.FilterSubscriber._next (file:///opt/postman/app/resources/app/js/vendor-shared.js:420281:30)\n    at FilterSubscriber.push.Subscriber.next (file:///opt/postman/app/resources/app/js/vendor-shared.js:413101:18)\n    at RefCountSubscriber.push.Subscriber._next (file:///opt/postman/app/resources/app/js/vendor-shared.js:413124:26)\n    at RefCountSubscriber.push.Subscriber.next (file:///opt/postman/app/resources/app/js/vendor-shared.js:413101:18)\n    at Subject.push.Subject.next (file:///opt/postman/app/resources/app/js/vendor-shared.js:414177:25)\n    at ConnectableSubscriber.push.Subscriber._next (file:///opt/postman/app/resources/app/js/vendor-shared.js:413124:26)\n    at ConnectableSubscriber.push.Subscriber.next (file:///opt/postman/app/resources/app/js/vendor-shared.js:413101:18)\n    at EventEmitter.<anonymous> (file:///opt/postman/app/resources/app/js/vendor-shared.js:447834:14)\n    at EventEmitter.emit (file:///opt/postman/app/resources/app/js/vendor-shared.js:27377:5)\n    at _dispatch (file:///opt/postman/app/resources/app/js/vendor-shared.js:45413:14)\n    at EventEmitter.<anonymous> (file:///opt/postman/app/resources/app/js/vendor-shared.js:45423:9)"}]
[35355][1603189465959][requester][warn]["APIDevService~getAPIs: Failed to get APIs.",{"error":{"message":"SyncRequestService\\x7erequestListener: Could not fetch from sync. Socket not connected."}}]
[35355][1603189465973][requester][warn]["Failed to refresh API List",{"error":{"message":"SyncRequestService\\x7erequestListener: Could not fetch from sync. Socket not connected."}}]
[35355][1603189466607][requester][warn]["FeatureFlagsStore~updateFlags: Could not find feature flags",{"error":{"message":"SyncRequestService\\x7erequestListener: Could not fetch from sync. Socket not connected."}}]
[763][1603203721478][requester][info]["EventBus~initialize - Success"]
[763][1603203721483][requester][info]["Messaging~boot - Success"]
[763][1603203721512][requester][info]["bootCrashReporter~ Success"]
[763][1603203721517][requester][info]["Telemetry~boot - Success"]
[763][1603203721519][requester][info]["bootConfigurations~initialize - Success"]
[763][1603203721526][requester][info]["Settings~boot - Success"]
[763][1603203721696][requester][info]["bootstrapModels - Success"]
[763][1603203721697][requester][info]["WLModels~boot - Success"]
[763][1603203721817][requester][info]["Session~boot - Success"]
[763][1603203721822][requester][info]["IndependentServices~boot - Success"]
[763][1603203721873][requester][info]["AppModels~boot - Success"]
[763][1603203721882][requester][info]["DBWatcher~boot - Success"]
[763][1603203721888][requester][info]["ThemeManager~boot - Success"]
[763][1603203721890][requester][info]["Store~boot - Success"]
[763][1603203721897][requester][info]["Shortcuts~boot - Success"]
[763][1603203721898][requester][info]["SyncProxy~boot - Success"]
[763][1603203721947][requester][info]["NewConsole~boot - Success"]
[763][1603203721954][requester][info]["APIDevInterface~boot - Success"]
[763][1603203721981][requester][info]["Requester~boot - Success"]
[763][1603203721982][requester][info]["booted - requester"]
[763][1603203722041][requester][warn]["CloudProxyHandler: Error while reading proxy configuration from user data - ",{"errno":-2,"code":"ENOENT","syscall":"open","path":"/home/anjan/.config/Postman/Postman_Config/proxy","name":"Error","message":"ENOENT: no such file or directory, open '/home/anjan/.config/Postman/Postman_Config/proxy'","stack":"Error: ENOENT: no such file or directory, open '/home/anjan/.config/Postman/Postman_Config/proxy'"}]
[763][1603203726462][requester][info]["SessionValidation - Registering listener"]
[809][1603213705153][requester][info]["EventBus~initialize - Success"]
[809][1603213705158][requester][info]["Messaging~boot - Success"]
[809][1603213705186][requester][info]["bootCrashReporter~ Success"]
[809][1603213705189][requester][info]["Telemetry~boot - Success"]
[809][1603213705191][requester][info]["bootConfigurations~initialize - Success"]
[809][1603213705196][requester][info]["Settings~boot - Success"]
[809][1603213705364][requester][info]["bootstrapModels - Success"]
[809][1603213705365][requester][info]["WLModels~boot - Success"]
[809][1603213705475][requester][info]["Session~boot - Success"]
[809][1603213705481][requester][info]["IndependentServices~boot - Success"]
[809][1603213705529][requester][info]["AppModels~boot - Success"]
[809][1603213705538][requester][info]["DBWatcher~boot - Success"]
[809][1603213705544][requester][info]["ThemeManager~boot - Success"]
[809][1603213705545][requester][info]["Store~boot - Success"]
[809][1603213705552][requester][info]["Shortcuts~boot - Success"]
[809][1603213705553][requester][info]["SyncProxy~boot - Success"]
[809][1603213705608][requester][info]["NewConsole~boot - Success"]
[809][1603213705615][requester][info]["APIDevInterface~boot - Success"]
[809][1603213705653][requester][info]["Requester~boot - Success"]
[809][1603213705654][requester][info]["booted - requester"]
[809][1603213705739][requester][warn]["CloudProxyHandler: Error while reading proxy configuration from user data - ",{"errno":-2,"code":"ENOENT","syscall":"open","path":"/home/anjan/.config/Postman/Postman_Config/proxy","name":"Error","message":"ENOENT: no such file or directory, open '/home/anjan/.config/Postman/Postman_Config/proxy'","stack":"Error: ENOENT: no such file or directory, open '/home/anjan/.config/Postman/Postman_Config/proxy'"}]
[809][1603213709936][requester][info]["SessionValidation - Registering listener"]
[3282][1603256431687][requester][info]["EventBus~initialize - Success"]
[3282][1603256431694][requester][info]["Messaging~boot - Success"]
[3282][1603256431761][requester][info]["bootCrashReporter~ Success"]
[3282][1603256431765][requester][info]["Telemetry~boot - Success"]
[3282][1603256431767][requester][info]["bootConfigurations~initialize - Success"]
[3282][1603256431777][requester][info]["Settings~boot - Success"]
[3282][1603256432080][requester][info]["bootstrapModels - Success"]
[3282][1603256432081][requester][info]["WLModels~boot - Success"]
[3282][1603256432210][requester][info]["Session~boot - Success"]
[3282][1603256432218][requester][info]["IndependentServices~boot - Success"]
[3282][1603256432283][requester][info]["AppModels~boot - Success"]
[3282][1603256432295][requester][info]["DBWatcher~boot - Success"]
[3282][1603256432301][requester][info]["ThemeManager~boot - Success"]
[3282][1603256432303][requester][info]["Store~boot - Success"]
[3282][1603256432311][requester][info]["Shortcuts~boot - Success"]
[3282][1603256432313][requester][info]["SyncProxy~boot - Success"]
[3282][1603256432377][requester][info]["NewConsole~boot - Success"]
[3282][1603256432389][requester][info]["APIDevInterface~boot - Success"]
[3282][1603256432433][requester][info]["Requester~boot - Success"]
[3282][1603256432435][requester][info]["booted - requester"]
[3282][1603256432529][requester][warn]["CloudProxyHandler: Error while reading proxy configuration from user data - ",{"errno":-2,"code":"ENOENT","syscall":"open","path":"/home/anjan/.config/Postman/Postman_Config/proxy","name":"Error","message":"ENOENT: no such file or directory, open '/home/anjan/.config/Postman/Postman_Config/proxy'","stack":"Error: ENOENT: no such file or directory, open '/home/anjan/.config/Postman/Postman_Config/proxy'"}]
[3282][1603256440698][requester][info]["SessionValidation - Registering listener"]
[3282][1603258093995][requester][warn]["AcUiUtils~getActionInfo: Could not get the AC action for",{"action":"addcollection","entityType":"workspace","entityId":"3f86fec3-dfd1-4460-8f22-7264856e9102"}]
[3282][1603258096055][requester][info]["ACService~can: No permission found for",{"model":"collection","modelId":"12199269-f51809cc-2748-4a7d-a56a-bfac8aa7b638","action":"UPDATE_COLLECTION"}]
[3282][1603258124231][requester][warn]["APIDevInterface~getAPIForModel: There is no API linked to the model"]
[3282][1603258143665][requester][warn]["APIDevInterface~getAPIForModel: There is no API linked to the model"]
[3282][1603258149008][requester][warn]["APIDevInterface~getAPIForModel: There is no API linked to the model"]
[3282][1603259874769][requester][warn]["APIDevInterface~getAPIForModel: There is no API linked to the model"]
[3282][1603259982337][requester][warn]["APIDevInterface~getAPIForModel: There is no API linked to the model"]
[3282][1603260084216][requester][warn]["APIDevInterface~getAPIForModel: There is no API linked to the model"]
[2534][1603273374776][requester][info]["EventBus~initialize - Success"]
[2534][1603273374782][requester][info]["Messaging~boot - Success"]
[2534][1603273374889][requester][info]["bootCrashReporter~ Success"]
[2534][1603273374894][requester][info]["Telemetry~boot - Success"]
[2534][1603273374898][requester][info]["bootConfigurations~initialize - Success"]
[2534][1603273374906][requester][info]["Settings~boot - Success"]
[2534][1603273375168][requester][info]["bootstrapModels - Success"]
[2534][1603273375169][requester][info]["WLModels~boot - Success"]
[2534][1603273375577][requester][info]["Session~boot - Success"]
[2534][1603273375585][requester][info]["IndependentServices~boot - Success"]
[2534][1603273375774][requester][info]["AppModels~boot - Success"]
[2534][1603273375833][requester][info]["DBWatcher~boot - Success"]
[2534][1603273375869][requester][info]["ThemeManager~boot - Success"]
[2534][1603273375871][requester][info]["Store~boot - Success"]
[2534][1603273375935][requester][info]["Shortcuts~boot - Success"]
[2534][1603273375939][requester][info]["SyncProxy~boot - Success"]
[2534][1603273376128][requester][info]["NewConsole~boot - Success"]
[2534][1603273376137][requester][info]["APIDevInterface~boot - Success"]
[2534][1603273376167][requester][info]["Requester~boot - Success"]
[2534][1603273376168][requester][info]["booted - requester"]
[2534][1603273376244][requester][warn]["CloudProxyHandler: Error while reading proxy configuration from user data - ",{"errno":-2,"code":"ENOENT","syscall":"open","path":"/home/anjan/.config/Postman/Postman_Config/proxy","name":"Error","message":"ENOENT: no such file or directory, open '/home/anjan/.config/Postman/Postman_Config/proxy'","stack":"Error: ENOENT: no such file or directory, open '/home/anjan/.config/Postman/Postman_Config/proxy'"}]
[2534][1603273381967][requester][info]["SessionValidation - Registering listener"]
[2534][1603274415508][requester][warn]["APIDevInterface~getAPIForModel: There is no API linked to the model"]
[2534][1603274420275][requester][warn]["APIDevInterface~getAPIForModel: There is no API linked to the model"]
[2534][1603274465723][requester][warn]["APIDevInterface~getAPIForModel: There is no API linked to the model"]
[2534][1603274492292][requester][warn]["APIDevInterface~getAPIForModel: There is no API linked to the model"]
[2534][1603274571001][requester][warn]["APIDevInterface~getAPIForModel: There is no API linked to the model"]
[2534][1603274572214][requester][warn]["APIDevInterface~getAPIForModel: There is no API linked to the model"]
[2534][1603274583835][requester][warn]["APIDevInterface~getAPIForModel: There is no API linked to the model"]
[2534][1603274584634][requester][warn]["APIDevInterface~getAPIForModel: There is no API linked to the model"]
[2534][1603274923199][requester][warn]["APIDevInterface~getAPIForModel: There is no API linked to the model"]
[2534][1603274930076][requester][warn]["APIDevInterface~getAPIForModel: There is no API linked to the model"]
[2534][1603274993044][requester][warn]["APIDevInterface~getAPIForModel: There is no API linked to the model"]
[2534][1603275075598][requester][warn]["APIDevInterface~getAPIForModel: There is no API linked to the model"]
[2534][1603275087951][requester][warn]["APIDevInterface~getAPIForModel: There is no API linked to the model"]
[2534][1603275097227][requester][warn]["APIDevInterface~getAPIForModel: There is no API linked to the model"]
[2534][1603275107126][requester][warn]["APIDevInterface~getAPIForModel: There is no API linked to the model"]
[2534][1603275149572][requester][warn]["APIDevInterface~getAPIForModel: There is no API linked to the model"]
[2534][1603275170741][requester][warn]["APIDevInterface~getAPIForModel: There is no API linked to the model"]
[2534][1603275186545][requester][warn]["APIDevInterface~getAPIForModel: There is no API linked to the model"]
[2534][1603275273296][requester][warn]["APIDevInterface~getAPIForModel: There is no API linked to the model"]
[2534][1603275311366][requester][warn]["APIDevInterface~getAPIForModel: There is no API linked to the model"]
[2534][1603275313703][requester][warn]["APIDevInterface~getAPIForModel: There is no API linked to the model"]
[2534][1603275315232][requester][warn]["APIDevInterface~getAPIForModel: There is no API linked to the model"]
[2534][1603275362753][requester][warn]["APIDevInterface~getAPIForModel: There is no API linked to the model"]
[2534][1603275369846][requester][warn]["APIDevInterface~getAPIForModel: There is no API linked to the model"]
[2534][1603275585938][requester][warn]["APIDevInterface~getAPIForModel: There is no API linked to the model"]
[2534][1603275604341][requester][warn]["APIDevInterface~getAPIForModel: There is no API linked to the model"]
[2534][1603275606235][requester][warn]["APIDevInterface~getAPIForModel: There is no API linked to the model"]
[2534][1603275618680][requester][warn]["APIDevInterface~getAPIForModel: There is no API linked to the model"]
[2534][1603275636723][requester][warn]["APIDevInterface~getAPIForModel: There is no API linked to the model"]
[2534][1603275672681][requester][warn]["APIDevInterface~getAPIForModel: There is no API linked to the model"]
[2534][1603276093255][requester][warn]["APIDevInterface~getAPIForModel: There is no API linked to the model"]
[2534][1603276174212][requester][warn]["APIDevInterface~getAPIForModel: There is no API linked to the model"]
[2534][1603276175825][requester][warn]["APIDevInterface~getAPIForModel: There is no API linked to the model"]
[2534][1603276188753][requester][warn]["APIDevInterface~getAPIForModel: There is no API linked to the model"]
[2534][1603276209753][requester][warn]["APIDevInterface~getAPIForModel: There is no API linked to the model"]
[2534][1603276241939][requester][warn]["APIDevInterface~getAPIForModel: There is no API linked to the model"]
[2534][1603276340559][requester][warn]["APIDevInterface~getAPIForModel: There is no API linked to the model"]
[2534][1603276355223][requester][warn]["APIDevInterface~getAPIForModel: There is no API linked to the model"]
[2534][1603276772227][requester][warn]["APIDevInterface~getAPIForModel: There is no API linked to the model"]
[2534][1603276806212][requester][warn]["APIDevInterface~getAPIForModel: There is no API linked to the model"]
[2534][1603276839663][requester][warn]["APIDevInterface~getAPIForModel: There is no API linked to the model"]
[2534][1603277121347][requester][warn]["APIDevInterface~getAPIForModel: There is no API linked to the model"]
[2534][1603277135290][requester][warn]["APIDevInterface~getAPIForModel: There is no API linked to the model"]
[2534][1603277435249][requester][warn]["APIDevInterface~getAPIForModel: There is no API linked to the model"]
[2534][1603277480211][requester][warn]["APIDevInterface~getAPIForModel: There is no API linked to the model"]
[812][1603280518109][requester][info]["EventBus~initialize - Success"]
[812][1603280518130][requester][info]["Messaging~boot - Success"]
[812][1603280518258][requester][info]["bootCrashReporter~ Success"]
[812][1603280518262][requester][info]["Telemetry~boot - Success"]
[812][1603280518264][requester][info]["bootConfigurations~initialize - Success"]
[812][1603280518280][requester][info]["Settings~boot - Success"]
[812][1603280518770][requester][info]["bootstrapModels - Success"]
[812][1603280518776][requester][info]["WLModels~boot - Success"]
[812][1603280518910][requester][info]["Session~boot - Success"]
[812][1603280518916][requester][info]["IndependentServices~boot - Success"]
[812][1603280519020][requester][info]["AppModels~boot - Success"]
[812][1603280519040][requester][info]["DBWatcher~boot - Success"]
[812][1603280519052][requester][info]["ThemeManager~boot - Success"]
[812][1603280519055][requester][info]["Store~boot - Success"]
[812][1603280519062][requester][info]["Shortcuts~boot - Success"]
[812][1603280519063][requester][info]["SyncProxy~boot - Success"]
[812][1603280519149][requester][info]["NewConsole~boot - Success"]
[812][1603280519188][requester][info]["APIDevInterface~boot - Success"]
[812][1603280519265][requester][info]["Requester~boot - Success"]
[812][1603280519266][requester][info]["booted - requester"]
[812][1603280519448][requester][warn]["CloudProxyHandler: Error while reading proxy configuration from user data - ",{"errno":-2,"code":"ENOENT","syscall":"open","path":"/home/anjan/.config/Postman/Postman_Config/proxy","name":"Error","message":"ENOENT: no such file or directory, open '/home/anjan/.config/Postman/Postman_Config/proxy'","stack":"Error: ENOENT: no such file or directory, open '/home/anjan/.config/Postman/Postman_Config/proxy'"}]
[812][1603280525203][requester][info]["SessionValidation - Registering listener"]
[812][1603282240789][requester][warn]["APIDevInterface~getAPIForModel: There is no API linked to the model"]
[812][1603285573687][requester][warn]["APIDevInterface~getAPIForModel: There is no API linked to the model"]
[812][1603285697130][requester][warn]["APIDevInterface~getAPIForModel: There is no API linked to the model"]
[3600][1603291089642][requester][info]["EventBus~initialize - Success"]
[3600][1603291089647][requester][info]["Messaging~boot - Success"]
[3600][1603291089676][requester][info]["bootCrashReporter~ Success"]
[3600][1603291089679][requester][info]["Telemetry~boot - Success"]
[3600][1603291089681][requester][info]["bootConfigurations~initialize - Success"]
[3600][1603291089689][requester][info]["Settings~boot - Success"]
[3600][1603291089856][requester][info]["bootstrapModels - Success"]
[3600][1603291089857][requester][info]["WLModels~boot - Success"]
[3600][1603291089967][requester][info]["Session~boot - Success"]
[3600][1603291089975][requester][info]["IndependentServices~boot - Success"]
[3600][1603291090030][requester][info]["AppModels~boot - Success"]
[3600][1603291090039][requester][info]["DBWatcher~boot - Success"]
[3600][1603291090046][requester][info]["ThemeManager~boot - Success"]
[3600][1603291090047][requester][info]["Store~boot - Success"]
[3600][1603291090054][requester][info]["Shortcuts~boot - Success"]
[3600][1603291090056][requester][info]["SyncProxy~boot - Success"]
[3600][1603291090111][requester][info]["NewConsole~boot - Success"]
[3600][1603291090121][requester][info]["APIDevInterface~boot - Success"]
[3600][1603291090150][requester][info]["Requester~boot - Success"]
[3600][1603291090151][requester][info]["booted - requester"]
[3600][1603291090217][requester][warn]["CloudProxyHandler: Error while reading proxy configuration from user data - ",{"errno":-2,"code":"ENOENT","syscall":"open","path":"/home/anjan/.config/Postman/Postman_Config/proxy","name":"Error","message":"ENOENT: no such file or directory, open '/home/anjan/.config/Postman/Postman_Config/proxy'","stack":"Error: ENOENT: no such file or directory, open '/home/anjan/.config/Postman/Postman_Config/proxy'"}]
[3600][1603291094936][requester][info]["SessionValidation - Registering listener"]
[3600][1603291108518][requester][warn]["APIDevInterface~getAPIForModel: There is no API linked to the model"]
[2535][1603334564008][requester][info]["EventBus~initialize - Success"]
[2535][1603334564041][requester][info]["Messaging~boot - Success"]
[2535][1603334564289][requester][info]["bootCrashReporter~ Success"]
[2535][1603334564320][requester][info]["Telemetry~boot - Success"]
[2535][1603334564323][requester][info]["bootConfigurations~initialize - Success"]
[2535][1603334564368][requester][info]["Settings~boot - Success"]
[2535][1603334565436][requester][info]["bootstrapModels - Success"]
[2535][1603334565437][requester][info]["WLModels~boot - Success"]
[2535][1603334565829][requester][info]["Session~boot - Success"]
[2535][1603334565862][requester][info]["IndependentServices~boot - Success"]
[2535][1603334566087][requester][info]["AppModels~boot - Success"]
[2535][1603334566122][requester][info]["DBWatcher~boot - Success"]
[2535][1603334566147][requester][info]["ThemeManager~boot - Success"]
[2535][1603334566148][requester][info]["Store~boot - Success"]
[2535][1603334566175][requester][info]["Shortcuts~boot - Success"]
[2535][1603334566183][requester][info]["SyncProxy~boot - Success"]
[2535][1603334566348][requester][info]["NewConsole~boot - Success"]
[2535][1603334566373][requester][info]["APIDevInterface~boot - Success"]
[2535][1603334566578][requester][info]["Requester~boot - Success"]
[2535][1603334566579][requester][info]["booted - requester"]
[2535][1603334566975][requester][warn]["CloudProxyHandler: Error while reading proxy configuration from user data - ",{"errno":-2,"code":"ENOENT","syscall":"open","path":"/home/anjan/.config/Postman/Postman_Config/proxy","name":"Error","message":"ENOENT: no such file or directory, open '/home/anjan/.config/Postman/Postman_Config/proxy'","stack":"Error: ENOENT: no such file or directory, open '/home/anjan/.config/Postman/Postman_Config/proxy'"}]
[2535][1603334578805][requester][info]["SessionValidation - Registering listener"]
[2535][1603334612655][requester][warn]["APIDevInterface~getAPIForModel: There is no API linked to the model"]
[1017][1603336170728][requester][info]["EventBus~initialize - Success"]
[1017][1603336170734][requester][info]["Messaging~boot - Success"]
[1017][1603336170759][requester][info]["bootCrashReporter~ Success"]
[1017][1603336170762][requester][info]["Telemetry~boot - Success"]
[1017][1603336170765][requester][info]["bootConfigurations~initialize - Success"]
[1017][1603336170771][requester][info]["Settings~boot - Success"]
[1017][1603336170964][requester][info]["bootstrapModels - Success"]
[1017][1603336170965][requester][info]["WLModels~boot - Success"]
[1017][1603336171063][requester][info]["Session~boot - Success"]
[1017][1603336171069][requester][info]["IndependentServices~boot - Success"]
[1017][1603336171115][requester][info]["AppModels~boot - Success"]
[1017][1603336171123][requester][info]["DBWatcher~boot - Success"]
[1017][1603336171129][requester][info]["ThemeManager~boot - Success"]
[1017][1603336171130][requester][info]["Store~boot - Success"]
[1017][1603336171136][requester][info]["Shortcuts~boot - Success"]
[1017][1603336171138][requester][info]["SyncProxy~boot - Success"]
[1017][1603336171199][requester][info]["NewConsole~boot - Success"]
[1017][1603336171207][requester][info]["APIDevInterface~boot - Success"]
[1017][1603336171236][requester][info]["Requester~boot - Success"]
[1017][1603336171237][requester][info]["booted - requester"]
[1017][1603336171303][requester][warn]["CloudProxyHandler: Error while reading proxy configuration from user data - ",{"errno":-2,"code":"ENOENT","syscall":"open","path":"/home/anjan/.config/Postman/Postman_Config/proxy","name":"Error","message":"ENOENT: no such file or directory, open '/home/anjan/.config/Postman/Postman_Config/proxy'","stack":"Error: ENOENT: no such file or directory, open '/home/anjan/.config/Postman/Postman_Config/proxy'"}]
[1017][1603336175743][requester][info]["SessionValidation - Registering listener"]
[1017][1603336501374][requester][warn]["APIDevInterface~getAPIForModel: There is no API linked to the model"]
[1017][1603337701549][requester][warn]["APIDevInterface~getAPIForModel: There is no API linked to the model"]
[5340][1603344664377][requester][info]["EventBus~initialize - Success"]
[5340][1603344664420][requester][info]["Messaging~boot - Success"]
[5340][1603344664729][requester][info]["bootCrashReporter~ Success"]
[5340][1603344664774][requester][info]["Telemetry~boot - Success"]
[5340][1603344664832][requester][info]["bootConfigurations~initialize - Success"]
[5340][1603344664905][requester][info]["Settings~boot - Success"]
[5340][1603344666824][requester][info]["bootstrapModels - Success"]
[5340][1603344666844][requester][info]["WLModels~boot - Success"]
[5340][1603344667432][requester][info]["Session~boot - Success"]
[5340][1603344667482][requester][info]["IndependentServices~boot - Success"]
[5340][1603344667877][requester][info]["AppModels~boot - Success"]
[5340][1603344667941][requester][info]["DBWatcher~boot - Success"]
[5340][1603344667991][requester][info]["ThemeManager~boot - Success"]
[5340][1603344668002][requester][info]["Store~boot - Success"]
[5340][1603344668041][requester][info]["Shortcuts~boot - Success"]
[5340][1603344668056][requester][info]["SyncProxy~boot - Success"]
[5340][1603344668280][requester][info]["NewConsole~boot - Success"]
[5340][1603344668321][requester][info]["APIDevInterface~boot - Success"]
[5340][1603344668585][requester][info]["Requester~boot - Success"]
[5340][1603344668587][requester][info]["booted - requester"]
[5340][1603344669213][requester][warn]["CloudProxyHandler: Error while reading proxy configuration from user data - ",{"errno":-2,"code":"ENOENT","syscall":"open","path":"/home/anjan/.config/Postman/Postman_Config/proxy","name":"Error","message":"ENOENT: no such file or directory, open '/home/anjan/.config/Postman/Postman_Config/proxy'","stack":"Error: ENOENT: no such file or directory, open '/home/anjan/.config/Postman/Postman_Config/proxy'"}]
[5340][1603344683528][requester][info]["SessionValidation - Registering listener"]
[5340][1603347002781][requester][warn]["APIDevInterface~getAPIForModel: There is no API linked to the model"]
[5340][1603347102675][requester][warn]["APIDevInterface~getAPIForModel: There is no API linked to the model"]
[832][1603351636842][requester][info]["EventBus~initialize - Success"]
[832][1603351636855][requester][info]["Messaging~boot - Success"]
[832][1603351636957][requester][info]["bootCrashReporter~ Success"]
[832][1603351636961][requester][info]["Telemetry~boot - Success"]
[832][1603351636974][requester][info]["bootConfigurations~initialize - Success"]
[832][1603351636996][requester][info]["Settings~boot - Success"]
[832][1603351637525][requester][info]["bootstrapModels - Success"]
[832][1603351637526][requester][info]["WLModels~boot - Success"]
[832][1603351637746][requester][info]["Session~boot - Success"]
[832][1603351637759][requester][info]["IndependentServices~boot - Success"]
[832][1603351637861][requester][info]["AppModels~boot - Success"]
[832][1603351637887][requester][info]["DBWatcher~boot - Success"]
[832][1603351637899][requester][info]["ThemeManager~boot - Success"]
[832][1603351637901][requester][info]["Store~boot - Success"]
[832][1603351637919][requester][info]["Shortcuts~boot - Success"]
[832][1603351637920][requester][info]["SyncProxy~boot - Success"]
[832][1603351638069][requester][info]["NewConsole~boot - Success"]
[832][1603351638092][requester][info]["APIDevInterface~boot - Success"]
[832][1603351638242][requester][info]["Requester~boot - Success"]
[832][1603351638246][requester][info]["booted - requester"]
[832][1603351638508][requester][warn]["CloudProxyHandler: Error while reading proxy configuration from user data - ",{"errno":-2,"code":"ENOENT","syscall":"open","path":"/home/anjan/.config/Postman/Postman_Config/proxy","name":"Error","message":"ENOENT: no such file or directory, open '/home/anjan/.config/Postman/Postman_Config/proxy'","stack":"Error: ENOENT: no such file or directory, open '/home/anjan/.config/Postman/Postman_Config/proxy'"}]
[832][1603351646839][requester][info]["SessionValidation - Registering listener"]
[561][1603358459175][requester][info]["EventBus~initialize - Success"]
[561][1603358459180][requester][info]["Messaging~boot - Success"]
[561][1603358459206][requester][info]["bootCrashReporter~ Success"]
[561][1603358459209][requester][info]["Telemetry~boot - Success"]
[561][1603358459211][requester][info]["bootConfigurations~initialize - Success"]
[561][1603358459217][requester][info]["Settings~boot - Success"]
[561][1603358459384][requester][info]["bootstrapModels - Success"]
[561][1603358459386][requester][info]["WLModels~boot - Success"]
[561][1603358459524][requester][info]["Session~boot - Success"]
[561][1603358459529][requester][info]["IndependentServices~boot - Success"]
[561][1603358459589][requester][info]["AppModels~boot - Success"]
[561][1603358459597][requester][info]["DBWatcher~boot - Success"]
[561][1603358459606][requester][info]["ThemeManager~boot - Success"]
[561][1603358459607][requester][info]["Store~boot - Success"]
[561][1603358459613][requester][info]["Shortcuts~boot - Success"]
[561][1603358459614][requester][info]["SyncProxy~boot - Success"]
[561][1603358459668][requester][info]["NewConsole~boot - Success"]
[561][1603358459683][requester][info]["APIDevInterface~boot - Success"]
[561][1603358459718][requester][info]["Requester~boot - Success"]
[561][1603358459719][requester][info]["booted - requester"]
[561][1603358459794][requester][warn]["CloudProxyHandler: Error while reading proxy configuration from user data - ",{"errno":-2,"code":"ENOENT","syscall":"open","path":"/home/anjan/.config/Postman/Postman_Config/proxy","name":"Error","message":"ENOENT: no such file or directory, open '/home/anjan/.config/Postman/Postman_Config/proxy'","stack":"Error: ENOENT: no such file or directory, open '/home/anjan/.config/Postman/Postman_Config/proxy'"}]
[561][1603358464983][requester][info]["SessionValidation - Registering listener"]
[561][1603361607411][requester][warn]["APIDevInterface~getAPIForModel: There is no API linked to the model"]
[561][1603361647784][requester][warn]["APIDevInterface~getAPIForModel: There is no API linked to the model"]
[561][1603361670222][requester][warn]["APIDevInterface~getAPIForModel: There is no API linked to the model"]
[561][1603361691934][requester][warn]["APIDevInterface~getAPIForModel: There is no API linked to the model"]
[561][1603361896800][requester][warn]["APIDevInterface~getAPIForModel: There is no API linked to the model"]
[561][1603362013350][requester][warn]["APIDevInterface~getAPIForModel: There is no API linked to the model"]
[561][1603362028664][requester][warn]["APIDevInterface~getAPIForModel: There is no API linked to the model"]
[561][1603363079756][requester][warn]["APIDevInterface~getAPIForModel: There is no API linked to the model"]
[561][1603363172047][requester][warn]["APIDevInterface~getAPIForModel: There is no API linked to the model"]
[561][1603363183714][requester][warn]["APIDevInterface~getAPIForModel: There is no API linked to the model"]
[561][1603363200152][requester][warn]["APIDevInterface~getAPIForModel: There is no API linked to the model"]
[561][1603363203214][requester][warn]["APIDevInterface~getAPIForModel: There is no API linked to the model"]
[561][1603363232308][requester][warn]["APIDevInterface~getAPIForModel: There is no API linked to the model"]
[561][1603363249735][requester][warn]["APIDevInterface~getAPIForModel: There is no API linked to the model"]
[561][1603363269714][requester][warn]["APIDevInterface~getAPIForModel: There is no API linked to the model"]
[561][1603363307666][requester][warn]["APIDevInterface~getAPIForModel: There is no API linked to the model"]
[561][1603363313342][requester][warn]["APIDevInterface~getAPIForModel: There is no API linked to the model"]
[561][1603363319251][requester][warn]["APIDevInterface~getAPIForModel: There is no API linked to the model"]
[561][1603363391061][requester][warn]["APIDevInterface~getAPIForModel: There is no API linked to the model"]
[561][1603363445164][requester][warn]["APIDevInterface~getAPIForModel: There is no API linked to the model"]
[561][1603363611526][requester][warn]["APIDevInterface~getAPIForModel: There is no API linked to the model"]
[561][1603363630170][requester][warn]["APIDevInterface~getAPIForModel: There is no API linked to the model"]
[561][1603365556182][requester][warn]["APIDevInterface~getAPIForModel: There is no API linked to the model"]
[561][1603365568910][requester][warn]["APIDevInterface~getAPIForModel: There is no API linked to the model"]
[561][1603365573943][requester][warn]["APIDevInterface~getAPIForModel: There is no API linked to the model"]
[561][1603365582391][requester][warn]["APIDevInterface~getAPIForModel: There is no API linked to the model"]
[561][1603365768113][requester][warn]["APIDevInterface~getAPIForModel: There is no API linked to the model"]
[561][1603365776148][requester][warn]["APIDevInterface~getAPIForModel: There is no API linked to the model"]
[561][1603365782940][requester][warn]["APIDevInterface~getAPIForModel: There is no API linked to the model"]
[561][1603365790761][requester][warn]["APIDevInterface~getAPIForModel: There is no API linked to the model"]
[4561][1603388035366][requester][info]["EventBus~initialize - Success"]
[4561][1603388035377][requester][info]["Messaging~boot - Success"]
[4561][1603388035404][requester][info]["bootCrashReporter~ Success"]
[4561][1603388035407][requester][info]["Telemetry~boot - Success"]
[4561][1603388035411][requester][info]["bootConfigurations~initialize - Success"]
[4561][1603388035418][requester][info]["Settings~boot - Success"]
[4561][1603388035855][requester][info]["bootstrapModels - Success"]
[4561][1603388035856][requester][info]["WLModels~boot - Success"]
[4561][1603388035951][requester][info]["Session~boot - Success"]
[4561][1603388035957][requester][info]["IndependentServices~boot - Success"]
[4561][1603388036018][requester][info]["AppModels~boot - Success"]
[4561][1603388036028][requester][info]["DBWatcher~boot - Success"]
[4561][1603388036034][requester][info]["ThemeManager~boot - Success"]
[4561][1603388036035][requester][info]["Store~boot - Success"]
[4561][1603388036042][requester][info]["Shortcuts~boot - Success"]
[4561][1603388036043][requester][info]["SyncProxy~boot - Success"]
[4561][1603388036115][requester][info]["NewConsole~boot - Success"]
[4561][1603388036131][requester][info]["APIDevInterface~boot - Success"]
[4561][1603388036256][requester][info]["Requester~boot - Success"]
[4561][1603388036265][requester][info]["booted - requester"]
[4561][1603388036470][requester][warn]["CloudProxyHandler: Error while reading proxy configuration from user data - ",{"errno":-2,"code":"ENOENT","syscall":"open","path":"/home/anjan/.config/Postman/Postman_Config/proxy","name":"Error","message":"ENOENT: no such file or directory, open '/home/anjan/.config/Postman/Postman_Config/proxy'","stack":"Error: ENOENT: no such file or directory, open '/home/anjan/.config/Postman/Postman_Config/proxy'"}]
[4561][1603388041183][requester][info]["SessionValidation - Registering listener"]
[4561][1603388161979][requester][warn]["APIDevInterface~getAPIForModel: There is no API linked to the model"]
[4561][1603388167749][requester][warn]["APIDevInterface~getAPIForModel: There is no API linked to the model"]
[4561][1603388258280][requester][warn]["APIDevInterface~getAPIForModel: There is no API linked to the model"]
[843][1603475425288][requester][info]["EventBus~initialize - Success"]
[843][1603475425294][requester][info]["Messaging~boot - Success"]
[843][1603475425368][requester][info]["bootCrashReporter~ Success"]
[843][1603475425378][requester][info]["Telemetry~boot - Success"]
[843][1603475425389][requester][info]["bootConfigurations~initialize - Success"]
[843][1603475425403][requester][info]["Settings~boot - Success"]
[843][1603475425618][requester][info]["bootstrapModels - Success"]
[843][1603475425619][requester][info]["WLModels~boot - Success"]
[843][1603475425756][requester][info]["Session~boot - Success"]
[843][1603475425765][requester][info]["IndependentServices~boot - Success"]
[843][1603475425821][requester][info]["AppModels~boot - Success"]
[843][1603475425831][requester][info]["DBWatcher~boot - Success"]
[843][1603475425838][requester][info]["ThemeManager~boot - Success"]
[843][1603475425840][requester][info]["Store~boot - Success"]
[843][1603475425848][requester][info]["Shortcuts~boot - Success"]
[843][1603475425849][requester][info]["SyncProxy~boot - Success"]
[843][1603475425911][requester][info]["NewConsole~boot - Success"]
[843][1603475425920][requester][info]["APIDevInterface~boot - Success"]
[843][1603475425948][requester][info]["Requester~boot - Success"]
[843][1603475425949][requester][info]["booted - requester"]
[843][1603475426018][requester][warn]["CloudProxyHandler: Error while reading proxy configuration from user data - ",{"errno":-2,"code":"ENOENT","syscall":"open","path":"/home/anjan/.config/Postman/Postman_Config/proxy","name":"Error","message":"ENOENT: no such file or directory, open '/home/anjan/.config/Postman/Postman_Config/proxy'","stack":"Error: ENOENT: no such file or directory, open '/home/anjan/.config/Postman/Postman_Config/proxy'"}]
[843][1603475430573][requester][info]["SessionValidation - Registering listener"]
[843][1603475764910][requester][warn]["APIDevInterface~getAPIForModel: There is no API linked to the model"]
[843][1603477775453][requester][warn]["APIDevInterface~getAPIForModel: There is no API linked to the model"]
[843][1603477789206][requester][warn]["APIDevInterface~getAPIForModel: There is no API linked to the model"]
[843][1603477989105][requester][warn]["APIDevInterface~getAPIForModel: There is no API linked to the model"]
[843][1603478141709][requester][warn]["APIDevInterface~getAPIForModel: There is no API linked to the model"]
[843][1603478151270][requester][warn]["APIDevInterface~getAPIForModel: There is no API linked to the model"]
[843][1603478160384][requester][warn]["APIDevInterface~getAPIForModel: There is no API linked to the model"]
[843][1603478174702][requester][warn]["APIDevInterface~getAPIForModel: There is no API linked to the model"]
[4381][1603519211614][requester][info]["EventBus~initialize - Success"]
[4381][1603519211624][requester][info]["Messaging~boot - Success"]
[4381][1603519211688][requester][info]["bootCrashReporter~ Success"]
[4381][1603519211699][requester][info]["Telemetry~boot - Success"]
[4381][1603519211707][requester][info]["bootConfigurations~initialize - Success"]
[4381][1603519211719][requester][info]["Settings~boot - Success"]
[4381][1603519211985][requester][info]["bootstrapModels - Success"]
[4381][1603519211986][requester][info]["WLModels~boot - Success"]
[4381][1603519212194][requester][info]["Session~boot - Success"]
[4381][1603519212216][requester][info]["IndependentServices~boot - Success"]
[4381][1603519212388][requester][info]["AppModels~boot - Success"]
[4381][1603519212407][requester][info]["DBWatcher~boot - Success"]
[4381][1603519212446][requester][info]["ThemeManager~boot - Success"]
[4381][1603519212447][requester][info]["Store~boot - Success"]
[4381][1603519212487][requester][info]["Shortcuts~boot - Success"]
[4381][1603519212507][requester][info]["SyncProxy~boot - Success"]
[4381][1603519212662][requester][info]["NewConsole~boot - Success"]
[4381][1603519212676][requester][info]["APIDevInterface~boot - Success"]
[4381][1603519212745][requester][info]["Requester~boot - Success"]
[4381][1603519212749][requester][info]["booted - requester"]
[4381][1603519212898][requester][warn]["CloudProxyHandler: Error while reading proxy configuration from user data - ",{"errno":-2,"code":"ENOENT","syscall":"open","path":"/home/anjan/.config/Postman/Postman_Config/proxy","name":"Error","message":"ENOENT: no such file or directory, open '/home/anjan/.config/Postman/Postman_Config/proxy'","stack":"Error: ENOENT: no such file or directory, open '/home/anjan/.config/Postman/Postman_Config/proxy'"}]
[4381][1603519220089][requester][info]["SessionValidation - Registering listener"]
[4381][1603519314222][requester][warn]["APIDevInterface~getAPIForModel: There is no API linked to the model"]
[5075][1603523500062][requester][info]["EventBus~initialize - Success"]
[5075][1603523500067][requester][info]["Messaging~boot - Success"]
[5075][1603523500091][requester][info]["bootCrashReporter~ Success"]
[5075][1603523500096][requester][info]["Telemetry~boot - Success"]
[5075][1603523500098][requester][info]["bootConfigurations~initialize - Success"]
[5075][1603523500104][requester][info]["Settings~boot - Success"]
[5075][1603523500297][requester][info]["bootstrapModels - Success"]
[5075][1603523500299][requester][info]["WLModels~boot - Success"]
[5075][1603523500518][requester][info]["Session~boot - Success"]
[5075][1603523500530][requester][info]["IndependentServices~boot - Success"]
[5075][1603523500596][requester][info]["AppModels~boot - Success"]
[5075][1603523500603][requester][info]["DBWatcher~boot - Success"]
[5075][1603523500609][requester][info]["ThemeManager~boot - Success"]
[5075][1603523500610][requester][info]["Store~boot - Success"]
[5075][1603523500617][requester][info]["Shortcuts~boot - Success"]
[5075][1603523500618][requester][info]["SyncProxy~boot - Success"]
[5075][1603523500671][requester][info]["NewConsole~boot - Success"]
[5075][1603523500680][requester][info]["APIDevInterface~boot - Success"]
[5075][1603523500705][requester][info]["Requester~boot - Success"]
[5075][1603523500706][requester][info]["booted - requester"]
[5075][1603523500768][requester][warn]["CloudProxyHandler: Error while reading proxy configuration from user data - ",{"errno":-2,"code":"ENOENT","syscall":"open","path":"/home/anjan/.config/Postman/Postman_Config/proxy","name":"Error","message":"ENOENT: no such file or directory, open '/home/anjan/.config/Postman/Postman_Config/proxy'","stack":"Error: ENOENT: no such file or directory, open '/home/anjan/.config/Postman/Postman_Config/proxy'"}]
[5075][1603523506942][requester][info]["SessionValidation - Registering listener"]
[16719][1603536682757][requester][info]["EventBus~initialize - Success"]
[16719][1603536682773][requester][info]["Messaging~boot - Success"]
[16719][1603536682926][requester][info]["bootCrashReporter~ Success"]
[16719][1603536682943][requester][info]["Telemetry~boot - Success"]
[16719][1603536682951][requester][info]["bootConfigurations~initialize - Success"]
[16719][1603536682988][requester][info]["Settings~boot - Success"]
[16719][1603536683553][requester][info]["bootstrapModels - Success"]
[16719][1603536683564][requester][info]["WLModels~boot - Success"]
[16719][1603536683903][requester][info]["Session~boot - Success"]
[16719][1603536683947][requester][info]["IndependentServices~boot - Success"]
[16719][1603536684115][requester][info]["AppModels~boot - Success"]
[16719][1603536684134][requester][info]["DBWatcher~boot - Success"]
[16719][1603536684148][requester][info]["ThemeManager~boot - Success"]
[16719][1603536684149][requester][info]["Store~boot - Success"]
[16719][1603536684169][requester][info]["Shortcuts~boot - Success"]
[16719][1603536684171][requester][info]["SyncProxy~boot - Success"]
[16719][1603536684266][requester][info]["NewConsole~boot - Success"]
[16719][1603536684268][requester][info]["APIDevInterface~boot - Success"]
[16719][1603536684350][requester][info]["Requester~boot - Success"]
[16719][1603536684360][requester][info]["booted - requester"]
[16719][1603536684588][requester][warn]["CloudProxyHandler: Error while reading proxy configuration from user data - ",{"errno":-2,"code":"ENOENT","syscall":"open","path":"/home/anjan/.config/Postman/Postman_Config/proxy","name":"Error","message":"ENOENT: no such file or directory, open '/home/anjan/.config/Postman/Postman_Config/proxy'","stack":"Error: ENOENT: no such file or directory, open '/home/anjan/.config/Postman/Postman_Config/proxy'"}]
[16719][1603536693770][requester][info]["SessionValidation - Registering listener"]
[16719][1603536816106][requester][warn]["APIDevInterface~getAPIForModel: There is no API linked to the model"]
[16719][1603537060177][requester][warn]["AcUiUtils~getActionInfo: Could not get the AC action for",{"action":"addcollection","entityType":"workspace","entityId":"3f86fec3-dfd1-4460-8f22-7264856e9102"}]
[16719][1603537061636][requester][info]["ACService~can: No permission found for",{"model":"collection","modelId":"12199269-47661659-f821-4ef7-89b9-3e0950a9441a","action":"UPDATE_COLLECTION"}]
[16719][1603537150660][requester][warn]["APIDevInterface~getAPIForModel: There is no API linked to the model"]
[16719][1603537171931][requester][warn]["APIDevInterface~getAPIForModel: There is no API linked to the model"]
[16719][1603537175815][requester][warn]["APIDevInterface~getAPIForModel: There is no API linked to the model"]
[16719][1603537238760][requester][warn]["APIDevInterface~getAPIForModel: There is no API linked to the model"]
[16719][1603537260473][requester][warn]["APIDevInterface~getAPIForModel: There is no API linked to the model"]
[16719][1603537263952][requester][warn]["APIDevInterface~getAPIForModel: There is no API linked to the model"]
[16719][1603537271340][requester][warn]["APIDevInterface~getAPIForModel: There is no API linked to the model"]
[16719][1603537896565][requester][warn]["APIDevInterface~getAPIForModel: There is no API linked to the model"]
[16719][1603537938013][requester][warn]["APIDevInterface~getAPIForModel: There is no API linked to the model"]
[16719][1603537946593][requester][warn]["APIDevInterface~getAPIForModel: There is no API linked to the model"]
[16719][1603538046754][requester][warn]["APIDevInterface~getAPIForModel: There is no API linked to the model"]
[16719][1603538171138][requester][warn]["APIDevInterface~getAPIForModel: There is no API linked to the model"]
[16719][1603538173106][requester][warn]["APIDevInterface~getAPIForModel: There is no API linked to the model"]
[16719][1603538410799][requester][warn]["APIDevInterface~getAPIForModel: There is no API linked to the model"]
[16719][1603539776620][requester][warn]["APIDevInterface~getAPIForModel: There is no API linked to the model"]
[16719][1603539868596][requester][warn]["APIDevInterface~getAPIForModel: There is no API linked to the model"]
[16719][1603539902235][requester][warn]["APIDevInterface~getAPIForModel: There is no API linked to the model"]
[16719][1603540060305][requester][warn]["APIDevInterface~getAPIForModel: There is no API linked to the model"]
[16719][1603540066449][requester][warn]["APIDevInterface~getAPIForModel: There is no API linked to the model"]
[16719][1603540147107][requester][warn]["APIDevInterface~getAPIForModel: There is no API linked to the model"]
[1930][1603602633609][requester][info]["EventBus~initialize - Success"]
[1930][1603602633616][requester][info]["Messaging~boot - Success"]
[1930][1603602633908][requester][info]["bootCrashReporter~ Success"]
[1930][1603602633924][requester][info]["Telemetry~boot - Success"]
[1930][1603602633933][requester][info]["bootConfigurations~initialize - Success"]
[1930][1603602633962][requester][info]["Settings~boot - Success"]
[1930][1603602634714][requester][info]["bootstrapModels - Success"]
[1930][1603602634728][requester][info]["WLModels~boot - Success"]
[1930][1603602634987][requester][info]["Session~boot - Success"]
[1930][1603602634999][requester][info]["IndependentServices~boot - Success"]
[1930][1603602635118][requester][info]["AppModels~boot - Success"]
[1930][1603602635151][requester][info]["DBWatcher~boot - Success"]
[1930][1603602635164][requester][info]["ThemeManager~boot - Success"]
[1930][1603602635166][requester][info]["Store~boot - Success"]
[1930][1603602635176][requester][info]["Shortcuts~boot - Success"]
[1930][1603602635177][requester][info]["SyncProxy~boot - Success"]
[1930][1603602635323][requester][info]["NewConsole~boot - Success"]
[1930][1603602635346][requester][info]["APIDevInterface~boot - Success"]
[1930][1603602635483][requester][info]["Requester~boot - Success"]
[1930][1603602635487][requester][info]["booted - requester"]
[1930][1603602635709][requester][warn]["CloudProxyHandler: Error while reading proxy configuration from user data - ",{"errno":-2,"code":"ENOENT","syscall":"open","path":"/home/anjan/.config/Postman/Postman_Config/proxy","name":"Error","message":"ENOENT: no such file or directory, open '/home/anjan/.config/Postman/Postman_Config/proxy'","stack":"Error: ENOENT: no such file or directory, open '/home/anjan/.config/Postman/Postman_Config/proxy'"}]
[1930][1603602645968][requester][info]["SessionValidation - Registering listener"]
[1930][1603603786106][requester][warn]["APIDevInterface~getAPIForModel: There is no API linked to the model"]
[1930][1603604028703][requester][warn]["APIDevInterface~getAPIForModel: There is no API linked to the model"]
[1930][1603604056704][requester][warn]["APIDevInterface~getAPIForModel: There is no API linked to the model"]
[1930][1603604151910][requester][warn]["APIDevInterface~getAPIForModel: There is no API linked to the model"]
[1930][1603604185567][requester][warn]["APIDevInterface~getAPIForModel: There is no API linked to the model"]
[1930][1603604231556][requester][warn]["APIDevInterface~getAPIForModel: There is no API linked to the model"]
[1930][1603604691055][requester][warn]["APIDevInterface~getAPIForModel: There is no API linked to the model"]
[1930][1603604755545][requester][warn]["APIDevInterface~getAPIForModel: There is no API linked to the model"]
[1930][1603605321744][requester][warn]["APIDevInterface~getAPIForModel: There is no API linked to the model"]
[1930][1603606483532][requester][warn]["APIDevInterface~getAPIForModel: There is no API linked to the model"]
[1930][1603606496891][requester][warn]["APIDevInterface~getAPIForModel: There is no API linked to the model"]
[1930][1603606518537][requester][warn]["APIDevInterface~getAPIForModel: There is no API linked to the model"]
[1930][1603606536930][requester][warn]["APIDevInterface~getAPIForModel: There is no API linked to the model"]
[1930][1603606545385][requester][warn]["APIDevInterface~getAPIForModel: There is no API linked to the model"]
[1930][1603606738843][requester][warn]["APIDevInterface~getAPIForModel: There is no API linked to the model"]
[1930][1603606894287][requester][warn]["APIDevInterface~getAPIForModel: There is no API linked to the model"]
[1930][1603606964610][requester][warn]["APIDevInterface~getAPIForModel: There is no API linked to the model"]
[1930][1603607027045][requester][warn]["APIDevInterface~getAPIForModel: There is no API linked to the model"]
[1930][1603607101243][requester][warn]["APIDevInterface~getAPIForModel: There is no API linked to the model"]
[1930][1603607123304][requester][warn]["APIDevInterface~getAPIForModel: There is no API linked to the model"]
[4043][1603646329997][requester][info]["EventBus~initialize - Success"]
[4043][1603646330007][requester][info]["Messaging~boot - Success"]
[4043][1603646330049][requester][info]["bootCrashReporter~ Success"]
[4043][1603646330057][requester][info]["Telemetry~boot - Success"]
[4043][1603646330060][requester][info]["bootConfigurations~initialize - Success"]
[4043][1603646330066][requester][info]["Settings~boot - Success"]
[4043][1603646330664][requester][info]["bootstrapModels - Success"]
[4043][1603646330665][requester][info]["WLModels~boot - Success"]
[4043][1603646330793][requester][info]["Session~boot - Success"]
[4043][1603646330805][requester][info]["IndependentServices~boot - Success"]
[4043][1603646330868][requester][info]["AppModels~boot - Success"]
[4043][1603646330881][requester][info]["DBWatcher~boot - Success"]
[4043][1603646330896][requester][info]["ThemeManager~boot - Success"]
[4043][1603646330897][requester][info]["Store~boot - Success"]
[4043][1603646330906][requester][info]["Shortcuts~boot - Success"]
[4043][1603646330907][requester][info]["SyncProxy~boot - Success"]
[4043][1603646330974][requester][info]["NewConsole~boot - Success"]
[4043][1603646330984][requester][info]["APIDevInterface~boot - Success"]
[4043][1603646331062][requester][info]["Requester~boot - Success"]
[4043][1603646331065][requester][info]["booted - requester"]
[4043][1603646331189][requester][warn]["CloudProxyHandler: Error while reading proxy configuration from user data - ",{"errno":-2,"code":"ENOENT","syscall":"open","path":"/home/anjan/.config/Postman/Postman_Config/proxy","name":"Error","message":"ENOENT: no such file or directory, open '/home/anjan/.config/Postman/Postman_Config/proxy'","stack":"Error: ENOENT: no such file or directory, open '/home/anjan/.config/Postman/Postman_Config/proxy'"}]
[4043][1603646336663][requester][info]["SessionValidation - Registering listener"]
[4043][1603646574755][requester][warn]["APIDevInterface~getAPIForModel: There is no API linked to the model"]
[4043][1603646600456][requester][warn]["APIDevInterface~getAPIForModel: There is no API linked to the model"]
[4043][1603648104367][requester][warn]["APIDevInterface~getAPIForModel: There is no API linked to the model"]
[4043][1603648114288][requester][warn]["APIDevInterface~getAPIForModel: There is no API linked to the model"]
[4043][1603648137035][requester][warn]["APIDevInterface~getAPIForModel: There is no API linked to the model"]
[4043][1603649704372][requester][warn]["ACServiceUtils~getActionInfo: Could not get the AC action for",{"action":"addRequest","entityType":"request","entity":{"id":"6f9575ed-2fb3-436a-a2a9-f890b55af918"}}]
[4043][1603649704425][requester][warn]["ACService:TODO - No action found for",{"action":"addRequest","srcEntityType":"request","srcEntity":{"id":"6f9575ed-2fb3-436a-a2a9-f890b55af918"}}]
[4043][1603649725588][requester][warn]["APIDevInterface~getAPIForModel: There is no API linked to the model"]
[4043][1603650672896][requester][warn]["APIDevInterface~getAPIForModel: There is no API linked to the model"]
[4043][1603651028088][requester][warn]["APIDevInterface~getAPIForModel: There is no API linked to the model"]
[4043][1603651048045][requester][warn]["APIDevInterface~getAPIForModel: There is no API linked to the model"]
[1933][1603681451025][requester][info]["EventBus~initialize - Success"]
[1933][1603681451032][requester][info]["Messaging~boot - Success"]
[1933][1603681451061][requester][info]["bootCrashReporter~ Success"]
[1933][1603681451064][requester][info]["Telemetry~boot - Success"]
[1933][1603681451066][requester][info]["bootConfigurations~initialize - Success"]
[1933][1603681451072][requester][info]["Settings~boot - Success"]
[1933][1603681451249][requester][info]["bootstrapModels - Success"]
[1933][1603681451251][requester][info]["WLModels~boot - Success"]
[1933][1603681451346][requester][info]["Session~boot - Success"]
[1933][1603681451383][requester][info]["IndependentServices~boot - Success"]
[1933][1603681451433][requester][info]["AppModels~boot - Success"]
[1933][1603681451443][requester][info]["DBWatcher~boot - Success"]
[1933][1603681451450][requester][info]["ThemeManager~boot - Success"]
[1933][1603681451452][requester][info]["Store~boot - Success"]
[1933][1603681451459][requester][info]["Shortcuts~boot - Success"]
[1933][1603681451460][requester][info]["SyncProxy~boot - Success"]
[1933][1603681451518][requester][info]["NewConsole~boot - Success"]
[1933][1603681451533][requester][info]["APIDevInterface~boot - Success"]
[1933][1603681451567][requester][info]["Requester~boot - Success"]
[1933][1603681451568][requester][info]["booted - requester"]
[1933][1603681451642][requester][warn]["CloudProxyHandler: Error while reading proxy configuration from user data - ",{"errno":-2,"code":"ENOENT","syscall":"open","path":"/home/anjan/.config/Postman/Postman_Config/proxy","name":"Error","message":"ENOENT: no such file or directory, open '/home/anjan/.config/Postman/Postman_Config/proxy'","stack":"Error: ENOENT: no such file or directory, open '/home/anjan/.config/Postman/Postman_Config/proxy'"}]
[1933][1603681456949][requester][info]["SessionValidation - Registering listener"]
[1933][1603681522443][requester][warn]["APIDevInterface~getAPIForModel: There is no API linked to the model"]
[1933][1603683458275][requester][warn]["APIDevInterface~getAPIForModel: There is no API linked to the model"]
[1933][1603683496273][requester][warn]["APIDevInterface~getAPIForModel: There is no API linked to the model"]
[1933][1603683501843][requester][warn]["APIDevInterface~getAPIForModel: There is no API linked to the model"]
[1764][1603690051695][requester][info]["EventBus~initialize - Success"]
[1764][1603690051701][requester][info]["Messaging~boot - Success"]
[1764][1603690051729][requester][info]["bootCrashReporter~ Success"]
[1764][1603690051733][requester][info]["Telemetry~boot - Success"]
[1764][1603690051736][requester][info]["bootConfigurations~initialize - Success"]
[1764][1603690051741][requester][info]["Settings~boot - Success"]
[1764][1603690051936][requester][info]["bootstrapModels - Success"]
[1764][1603690051937][requester][info]["WLModels~boot - Success"]
[1764][1603690052046][requester][info]["Session~boot - Success"]
[1764][1603690052053][requester][info]["IndependentServices~boot - Success"]
[1764][1603690052101][requester][info]["AppModels~boot - Success"]
[1764][1603690052109][requester][info]["DBWatcher~boot - Success"]
[1764][1603690052118][requester][info]["ThemeManager~boot - Success"]
[1764][1603690052119][requester][info]["Store~boot - Success"]
[1764][1603690052125][requester][info]["Shortcuts~boot - Success"]
[1764][1603690052128][requester][info]["SyncProxy~boot - Success"]
[1764][1603690052187][requester][info]["NewConsole~boot - Success"]
[1764][1603690052195][requester][info]["APIDevInterface~boot - Success"]
[1764][1603690052219][requester][info]["Requester~boot - Success"]
[1764][1603690052220][requester][info]["booted - requester"]
[1764][1603690052286][requester][warn]["CloudProxyHandler: Error while reading proxy configuration from user data - ",{"errno":-2,"code":"ENOENT","syscall":"open","path":"/home/anjan/.config/Postman/Postman_Config/proxy","name":"Error","message":"ENOENT: no such file or directory, open '/home/anjan/.config/Postman/Postman_Config/proxy'","stack":"Error: ENOENT: no such file or directory, open '/home/anjan/.config/Postman/Postman_Config/proxy'"}]
[1764][1603690057760][requester][info]["SessionValidation - Registering listener"]
[1764][1603690380505][requester][warn]["APIDevInterface~getAPIForModel: There is no API linked to the model"]
[1764][1603690465229][requester][warn]["APIDevInterface~getAPIForModel: There is no API linked to the model"]
[1764][1603690492985][requester][warn]["APIDevInterface~getAPIForModel: There is no API linked to the model"]
[1764][1603690543577][requester][warn]["APIDevInterface~getAPIForModel: There is no API linked to the model"]
[1764][1603690561059][requester][warn]["APIDevInterface~getAPIForModel: There is no API linked to the model"]
[1764][1603690862299][requester][warn]["APIDevInterface~getAPIForModel: There is no API linked to the model"]
[1764][1603690937684][requester][warn]["ACServiceUtils~getActionInfo: Could not get the AC action for",{"action":"favorite","entityType":"collection","entity":{"id":"47661659-f821-4ef7-89b9-3e0950a9441a"}}]
[1764][1603690937685][requester][warn]["ACService:TODO - No action found for",{"action":"favorite","srcEntityType":"collection","srcEntity":{"id":"47661659-f821-4ef7-89b9-3e0950a9441a"}}]
[811][1603707321467][requester][info]["EventBus~initialize - Success"]
[811][1603707321475][requester][info]["Messaging~boot - Success"]
[811][1603707321521][requester][info]["bootCrashReporter~ Success"]
[811][1603707321524][requester][info]["Telemetry~boot - Success"]
[811][1603707321526][requester][info]["bootConfigurations~initialize - Success"]
[811][1603707321535][requester][info]["Settings~boot - Success"]
[811][1603707321723][requester][info]["bootstrapModels - Success"]
[811][1603707321724][requester][info]["WLModels~boot - Success"]
[811][1603707321843][requester][info]["Session~boot - Success"]
[811][1603707321853][requester][info]["IndependentServices~boot - Success"]
[811][1603707321910][requester][info]["AppModels~boot - Success"]
[811][1603707321924][requester][info]["DBWatcher~boot - Success"]
[811][1603707321932][requester][info]["ThemeManager~boot - Success"]
[811][1603707321933][requester][info]["Store~boot - Success"]
[811][1603707321941][requester][info]["Shortcuts~boot - Success"]
[811][1603707321942][requester][info]["SyncProxy~boot - Success"]
[811][1603707322038][requester][info]["NewConsole~boot - Success"]
[811][1603707322046][requester][info]["APIDevInterface~boot - Success"]
[811][1603707322101][requester][info]["Requester~boot - Success"]
[811][1603707322102][requester][info]["booted - requester"]
[811][1603707322187][requester][warn]["CloudProxyHandler: Error while reading proxy configuration from user data - ",{"errno":-2,"code":"ENOENT","syscall":"open","path":"/home/anjan/.config/Postman/Postman_Config/proxy","name":"Error","message":"ENOENT: no such file or directory, open '/home/anjan/.config/Postman/Postman_Config/proxy'","stack":"Error: ENOENT: no such file or directory, open '/home/anjan/.config/Postman/Postman_Config/proxy'"}]
[811][1603707326908][requester][info]["SessionValidation - Registering listener"]
[811][1603708096907][requester][warn]["APIDevInterface~getAPIForModel: There is no API linked to the model"]
[811][1603708731015][requester][warn]["APIDevInterface~getAPIForModel: There is no API linked to the model"]
[811][1603708802588][requester][warn]["APIDevInterface~getAPIForModel: There is no API linked to the model"]
[811][1603709019284][requester][warn]["APIDevInterface~getAPIForModel: There is no API linked to the model"]
[811][1603709174303][requester][warn]["APIDevInterface~getAPIForModel: There is no API linked to the model"]
[811][1603709197410][requester][warn]["APIDevInterface~getAPIForModel: There is no API linked to the model"]
[811][1603710048805][requester][warn]["APIDevInterface~getAPIForModel: There is no API linked to the model"]
[811][1603710518793][requester][warn]["APIDevInterface~getAPIForModel: There is no API linked to the model"]
[811][1603710549492][requester][warn]["APIDevInterface~getAPIForModel: There is no API linked to the model"]
[811][1603710569911][requester][warn]["APIDevInterface~getAPIForModel: There is no API linked to the model"]
[811][1603710714662][requester][warn]["APIDevInterface~getAPIForModel: There is no API linked to the model"]
[811][1603710788858][requester][warn]["APIDevInterface~getAPIForModel: There is no API linked to the model"]
[811][1603710869029][requester][warn]["APIDevInterface~getAPIForModel: There is no API linked to the model"]
[811][1603710884528][requester][warn]["APIDevInterface~getAPIForModel: There is no API linked to the model"]
[811][1603710928444][requester][warn]["APIDevInterface~getAPIForModel: There is no API linked to the model"]
[811][1603710945937][requester][warn]["APIDevInterface~getAPIForModel: There is no API linked to the model"]
[811][1603711717401][requester][warn]["APIDevInterface~getAPIForModel: There is no API linked to the model"]
[811][1603711804234][requester][warn]["APIDevInterface~getAPIForModel: There is no API linked to the model"]
[811][1603712437564][requester][warn]["APIDevInterface~getAPIForModel: There is no API linked to the model"]
[811][1603712523266][requester][warn]["APIDevInterface~getAPIForModel: There is no API linked to the model"]
[811][1603712535221][requester][warn]["APIDevInterface~getAPIForModel: There is no API linked to the model"]
[1110][1603731774121][requester][info]["EventBus~initialize - Success"]
[1110][1603731774126][requester][info]["Messaging~boot - Success"]
[1110][1603731774157][requester][info]["bootCrashReporter~ Success"]
[1110][1603731774160][requester][info]["Telemetry~boot - Success"]
[1110][1603731774162][requester][info]["bootConfigurations~initialize - Success"]
[1110][1603731774169][requester][info]["Settings~boot - Success"]
[1110][1603731774337][requester][info]["bootstrapModels - Success"]
[1110][1603731774338][requester][info]["WLModels~boot - Success"]
[1110][1603731775023][requester][info]["Session~boot - Success"]
[1110][1603731775038][requester][info]["IndependentServices~boot - Success"]
[1110][1603731775123][requester][info]["AppModels~boot - Success"]
[1110][1603731775149][requester][info]["DBWatcher~boot - Success"]
[1110][1603731775169][requester][info]["ThemeManager~boot - Success"]
[1110][1603731775170][requester][info]["Store~boot - Success"]
[1110][1603731775177][requester][info]["Shortcuts~boot - Success"]
[1110][1603731775187][requester][info]["SyncProxy~boot - Success"]
[1110][1603731775262][requester][info]["NewConsole~boot - Success"]
[1110][1603731775275][requester][info]["APIDevInterface~boot - Success"]
[1110][1603731775373][requester][info]["Requester~boot - Success"]
[1110][1603731775374][requester][info]["booted - requester"]
[1110][1603731775517][requester][warn]["CloudProxyHandler: Error while reading proxy configuration from user data - ",{"errno":-2,"code":"ENOENT","syscall":"open","path":"/home/anjan/.config/Postman/Postman_Config/proxy","name":"Error","message":"ENOENT: no such file or directory, open '/home/anjan/.config/Postman/Postman_Config/proxy'","stack":"Error: ENOENT: no such file or directory, open '/home/anjan/.config/Postman/Postman_Config/proxy'"}]
[1110][1603731780603][requester][info]["SessionValidation - Registering listener"]
[1110][1603732048370][requester][warn]["EntityPermissionHandler: @TODO no target action found for",{"name":"unfavorite","namespace":"collection"}]
[1110][1603732066706][requester][warn]["APIDevInterface~getAPIForModel: There is no API linked to the model"]
[1110][1603732252038][requester][warn]["APIDevInterface~getAPIForModel: There is no API linked to the model"]
[1110][1603732260474][requester][warn]["APIDevInterface~getAPIForModel: There is no API linked to the model"]
[2618][1603760870280][requester][info]["EventBus~initialize - Success"]
[2618][1603760870285][requester][info]["Messaging~boot - Success"]
[2618][1603760870313][requester][info]["bootCrashReporter~ Success"]
[2618][1603760870317][requester][info]["Telemetry~boot - Success"]
[2618][1603760870319][requester][info]["bootConfigurations~initialize - Success"]
[2618][1603760870326][requester][info]["Settings~boot - Success"]
[2618][1603760870528][requester][info]["bootstrapModels - Success"]
[2618][1603760870530][requester][info]["WLModels~boot - Success"]
[2618][1603760870636][requester][info]["Session~boot - Success"]
[2618][1603760870644][requester][info]["IndependentServices~boot - Success"]
[2618][1603760870696][requester][info]["AppModels~boot - Success"]
[2618][1603760870703][requester][info]["DBWatcher~boot - Success"]
[2618][1603760870713][requester][info]["ThemeManager~boot - Success"]
[2618][1603760870714][requester][info]["Store~boot - Success"]
[2618][1603760870720][requester][info]["Shortcuts~boot - Success"]
[2618][1603760870722][requester][info]["SyncProxy~boot - Success"]
[2618][1603760870772][requester][info]["NewConsole~boot - Success"]
[2618][1603760870782][requester][info]["APIDevInterface~boot - Success"]
[2618][1603760870826][requester][info]["Requester~boot - Success"]
[2618][1603760870827][requester][info]["booted - requester"]
[2618][1603760870914][requester][warn]["CloudProxyHandler: Error while reading proxy configuration from user data - ",{"errno":-2,"code":"ENOENT","syscall":"open","path":"/home/anjan/.config/Postman/Postman_Config/proxy","name":"Error","message":"ENOENT: no such file or directory, open '/home/anjan/.config/Postman/Postman_Config/proxy'","stack":"Error: ENOENT: no such file or directory, open '/home/anjan/.config/Postman/Postman_Config/proxy'"}]
[2618][1603760876627][requester][info]["SessionValidation - Registering listener"]
[2618][1603760904845][requester][warn]["APIDevInterface~getAPIForModel: There is no API linked to the model"]
[2618][1603760914195][requester][warn]["APIDevInterface~getAPIForModel: There is no API linked to the model"]
[27418][1604326978024][requester][info]["EventBus~initialize - Success"]
[27418][1604326978029][requester][info]["Messaging~boot - Success"]
[27418][1604326978295][requester][info]["bootCrashReporter~ Success"]
[27418][1604326978300][requester][info]["Telemetry~boot - Success"]
[27418][1604326978306][requester][info]["bootConfigurations~initialize - Success"]
[27418][1604326978312][requester][info]["Settings~boot - Success"]
[27418][1604326978867][requester][info]["bootstrapModels - Success"]
[27418][1604326978870][requester][info]["WLModels~boot - Success"]
[27418][1604326979233][requester][info]["Session~boot - Success"]
[27418][1604326979266][requester][info]["IndependentServices~boot - Success"]
[27418][1604326979368][requester][info]["AppModels~boot - Success"]
[27418][1604326979384][requester][info]["DBWatcher~boot - Success"]
[27418][1604326979424][requester][info]["ThemeManager~boot - Success"]
[27418][1604326979432][requester][info]["Store~boot - Success"]
[27418][1604326979448][requester][info]["Shortcuts~boot - Success"]
[27418][1604326979456][requester][info]["SyncProxy~boot - Success"]
[27418][1604326979659][requester][info]["NewConsole~boot - Success"]
[27418][1604326979671][requester][info]["APIDevInterface~boot - Success"]
[27418][1604326979706][requester][info]["Requester~boot - Success"]
[27418][1604326979707][requester][info]["booted - requester"]
[27418][1604326979835][requester][warn]["CloudProxyHandler: Error while reading proxy configuration from user data - ",{"errno":-2,"code":"ENOENT","syscall":"open","path":"/home/anjan/.config/Postman/Postman_Config/proxy","name":"Error","message":"ENOENT: no such file or directory, open '/home/anjan/.config/Postman/Postman_Config/proxy'","stack":"Error: ENOENT: no such file or directory, open '/home/anjan/.config/Postman/Postman_Config/proxy'"}]
[27418][1604326987609][requester][info]["SessionValidation - Registering listener"]
[27418][1604326996493][requester][error]["Error in update flow: {\"code\":\"EACCES\",\"errno\":-13,\"message\":\"EACCES: permission denied, open '/opt/postman/Postman-1604326995031.tar.gz'\",\"name\":\"Error\",\"path\":\"/opt/postman/Postman-1604326995031.tar.gz\",\"stack\":\"Error: EACCES: permission denied, open '/opt/postman/Postman-1604326995031.tar.gz'\",\"syscall\":\"open\"}"]
[27418][1604327013060][requester][warn]["APIDevInterface~getAPIForModel: There is no API linked to the model"]
[16451][1604337840354][requester][info]["EventBus~initialize - Success"]
[16451][1604337840360][requester][info]["Messaging~boot - Success"]
[16451][1604337840401][requester][info]["bootCrashReporter~ Success"]
[16451][1604337840406][requester][info]["Telemetry~boot - Success"]
[16451][1604337840411][requester][info]["bootConfigurations~initialize - Success"]
[16451][1604337840419][requester][info]["Settings~boot - Success"]
[16451][1604337840633][requester][info]["bootstrapModels - Success"]
[16451][1604337840634][requester][info]["WLModels~boot - Success"]
[16451][1604337840823][requester][info]["Session~boot - Success"]
[16451][1604337840839][requester][info]["IndependentServices~boot - Success"]
[16451][1604337840918][requester][info]["AppModels~boot - Success"]
[16451][1604337840929][requester][info]["DBWatcher~boot - Success"]
[16451][1604337840936][requester][info]["ThemeManager~boot - Success"]
[16451][1604337840939][requester][info]["Store~boot - Success"]
[16451][1604337840946][requester][info]["Shortcuts~boot - Success"]
[16451][1604337840947][requester][info]["SyncProxy~boot - Success"]
[16451][1604337841011][requester][info]["NewConsole~boot - Success"]
[16451][1604337841014][requester][info]["APIDevInterface~boot - Success"]
[16451][1604337841043][requester][info]["Requester~boot - Success"]
[16451][1604337841044][requester][info]["booted - requester"]
[16451][1604337841120][requester][warn]["CloudProxyHandler: Error while reading proxy configuration from user data - ",{"errno":-2,"code":"ENOENT","syscall":"open","path":"/home/anjan/.config/Postman/Postman_Config/proxy","name":"Error","message":"ENOENT: no such file or directory, open '/home/anjan/.config/Postman/Postman_Config/proxy'","stack":"Error: ENOENT: no such file or directory, open '/home/anjan/.config/Postman/Postman_Config/proxy'"}]
[16451][1604337847066][requester][info]["SessionValidation - Registering listener"]
[16451][1604337857598][requester][error]["Error in update flow: {\"code\":\"EACCES\",\"errno\":-13,\"message\":\"EACCES: permission denied, open '/opt/postman/Postman-1604337855862.tar.gz'\",\"name\":\"Error\",\"path\":\"/opt/postman/Postman-1604337855862.tar.gz\",\"stack\":\"Error: EACCES: permission denied, open '/opt/postman/Postman-1604337855862.tar.gz'\",\"syscall\":\"open\"}"]
[16451][1604337913128][requester][warn]["APIDevInterface~getAPIForModel: There is no API linked to the model"]
[16451][1604337946158][requester][warn]["APIDevInterface~getAPIForModel: There is no API linked to the model"]
